New log file opened at Wed Nov 11 20:08:12 EST 2015 by 94256@Robs-MacBook-Pro.local
Taking next connection to: 60833
New client attempting to connect on port: 60834-60833
  Address = /192.168.2.19:60833
This client on port 60834 has uuid a0b21b0a-6750-497f-9dd0-143f36e50479 configName activator humanReadableName Activator protocolVersion 3 featureTags Vector()
Connected Clients: activator-a0b21b0a-6750-497f-9dd0-143f36e50479
Taking next connection to: 60833
Checking to see if clients are empty...
We have 1 non-daemon clients, continuing serving connections.
Taking next connection to: 60833
Checking to see if clients are empty...
We have 1 non-daemon clients, continuing serving connections.
Taking next connection to: 60833
New client attempting to connect on port: 60992-60833
  Address = /192.168.2.19:60833
Handshake exception on socket: 60992
sbt.impl.ipc.HandshakeException: Unable to perform handshake
	at sbt.impl.ipc.Peer.handshake(IPC.scala:46)
	at sbt.impl.ipc.MultiClientServer.<init>(IPC.scala:150)
	at sbt.server.SbtServerSocketHandler$$anon$1.run(SbtServerSocketHandler.scala:43)
Caused by: java.io.EOFException
	at java.io.DataInputStream.readInt(DataInputStream.java:392)
	at sbt.impl.ipc.Peer.receive(IPC.scala:95)
	at sbt.impl.ipc.Peer.handshake(IPC.scala:49)
	... 2 more
Taking next connection to: 60833
New client attempting to connect on port: 60993-60833
  Address = /192.168.2.19:60833
This client on port 60993 has uuid b8cc7611-214b-482c-9159-cc020e7c90c6 configName play-fork-run humanReadableName Play Fork Run protocolVersion 1 featureTags Vector()
Connected Clients: activator-a0b21b0a-6750-497f-9dd0-143f36e50479, play-fork-run-b8cc7611-214b-482c-9159-cc020e7c90c6
Taking next connection to: 60833
Checking to see if clients are empty...
We have 1 non-daemon clients, continuing serving connections.
Taking next connection to: 60833
Checking to see if clients are empty...
We have 1 non-daemon clients, continuing serving connections.
Taking next connection to: 60833
Checking to see if clients are empty...
We have 1 non-daemon clients, continuing serving connections.
Taking next connection to: 60833
