New log file opened at Wed Nov 11 20:08:12 EST 2015 by 94256@Robs-MacBook-Pro.local
jvm 94256@Robs-MacBook-Pro.local
jvm vmName=Java HotSpot(TM) 64-Bit Server VM vmVendor=Oracle Corporation vmVersion=25.20-b23
jvm specName=Java Virtual Machine Specification specVendor=Oracle Corporation specVersion=1.8
jvm arguments: [-Xms256m, -Xmx1024m, -XX:MetaspaceSize=64m, -XX:MaxMetaspaceSize=256m]
Starting event engine
Starting sbt command engine
Waiting for sbt command engine
Command engine arguments=List()
Command engine baseDirectory=/Users/Rob/code/dojo/firstapp
Command engine initial remaining commands List(--initialize, onFailure load-failed, boot, server-send-ready-for-request, server-handle-next-server-request)
> --initialize
> initialize
> onFailure load-failed
> boot
> reload
[Loading] Scanning directory /Users/Rob/code/dojo/firstapp/project
[Loading] Found non-root projects 
[Loading] Done in /Users/Rob/code/dojo/firstapp/project, returning: ()
deducing auto plugins based on known facts Set(Atom(sbt.plugins.CorePlugin)) and clauses Clauses(List(Clause(Atom(sbt.plugins.JvmPlugin),Set(Atom(sbt.plugins.IvyPlugin))), Clause(Atom(sbt.plugins.JUnitXmlReportPlugin),Set(Atom(sbt.plugins.JvmPlugin))), Clause(Atom(sbt.plugins.CorePlugin),Set(Atom(sbt.plugins.IvyPlugin))), Clause(Atom(sbt.plugins.IvyPlugin),Set(Atom(sbt.plugins.JvmPlugin))), Clause(Atom(sbt.plugins.JvmPlugin),Set(Atom(sbt.plugins.JUnitXmlReportPlugin)))))
  :: deduced result: Matched(sbt.plugins.CorePlugin,sbt.plugins.IvyPlugin,sbt.plugins.JvmPlugin,sbt.plugins.JUnitXmlReportPlugin)
sorting: ns: List(sbt.plugins.CorePlugin, sbt.plugins.IvyPlugin, sbt.plugins.JvmPlugin, sbt.plugins.JUnitXmlReportPlugin)
  :: sorting:: found: List(sbt.plugins.CorePlugin) not found List(sbt.plugins.IvyPlugin, sbt.plugins.JvmPlugin, sbt.plugins.JUnitXmlReportPlugin)
  :: sorting:: found: List(sbt.plugins.CorePlugin, sbt.plugins.IvyPlugin) not found List(sbt.plugins.JvmPlugin, sbt.plugins.JUnitXmlReportPlugin)
  :: sorting:: found: List(sbt.plugins.CorePlugin, sbt.plugins.IvyPlugin, sbt.plugins.JvmPlugin) not found List(sbt.plugins.JUnitXmlReportPlugin)
  :: sorting:: found: List(sbt.plugins.CorePlugin, sbt.plugins.IvyPlugin, sbt.plugins.JvmPlugin, sbt.plugins.JUnitXmlReportPlugin) not found List()
  :: sorted deduced result: List(sbt.plugins.CorePlugin, sbt.plugins.IvyPlugin, sbt.plugins.JvmPlugin, sbt.plugins.JUnitXmlReportPlugin)
[Loading] Done in /Users/Rob/code/dojo/firstapp/project, returning: (firstapp-build)
Loading project definition from /Users/Rob/code/dojo/firstapp/project
Running task... Cancel: sbt.TaskCancellationStrategy$Null$@6086827c, check cycles: false

Initial source changes: 
	removed:Set()
	added: Set()
	modified: Set()
Removed products: Set()
External API changes: API Changes: Set()
Modified binary dependencies: Set()
Initial directly invalidated sources: Set()

Sources indirectly invalidated by:
	product: Set()
	binary dep: Set()
	external source: Set()
All initially invalidated sources: Set()

Copy resource mappings: 
	
[Loading] Scanning directory /Users/Rob/code/dojo/firstapp
[Loading] Found root project root w/ remaining 
deducing auto plugins based on known facts Set(Atom(play.sbt.PlayJava), Atom(sbt.plugins.CorePlugin)) and clauses Clauses(List(Clause(Atom(sbt.plugins.JvmPlugin),Set(Atom(sbt.plugins.IvyPlugin))), Clause(Atom(sbt.plugins.JUnitXmlReportPlugin),Set(Atom(sbt.plugins.JvmPlugin))), Clause(Atom(play.sbt.forkrun.PlayForkRun),Set(Atom(sbt.plugins.BackgroundRunPlugin))), Clause(Atom(play.sbt.forkrun.PlayForkRun),Set(Atom(play.sbt.Play))), Clause(Atom(play.sbt.forkrun.PlayForkRun),Set(Atom(sbt.plugins.SerializersPlugin))), Clause(Atom(play.sbt.Play),Set(Atom(com.typesafe.sbt.packager.archetypes.JavaServerAppPackaging))), Clause(Atom(play.sbt.Play),Set(Atom(play.sbt.routes.RoutesCompiler))), Clause(Atom(play.sbt.Play),Set(Atom(play.twirl.sbt.SbtTwirl))), Clause(Atom(play.sbt.Play),Set(Atom(com.typesafe.sbt.jse.SbtJsTask))), Clause(Atom(play.sbt.PlayAkkaHttpServer),Set(Atom(play.sbt.Play))), Clause(Atom(play.sbt.PlayJava),Set(Atom(play.sbt.Play))), Clause(Atom(play.sbt.PlayLayoutPlugin),Set(Atom(play.sbt.Play))), Clause(Atom(play.sbt.PlayNettyServer),Set(Atom(play.sbt.Play))), Clause(Atom(play.sbt.PlayScala),Set(Atom(play.sbt.Play))), Clause(Atom(play.sbt.routes.RoutesCompiler),Set(Atom(sbt.plugins.JvmPlugin))), Clause(Atom(play.twirl.sbt.SbtTwirl),Set(Atom(sbt.plugins.JvmPlugin))), Clause(Atom(com.typesafe.sbt.packager.archetypes.AkkaAppPackaging),Set(Atom(com.typesafe.sbt.packager.archetypes.JavaAppPackaging))), Clause(Atom(com.typesafe.sbt.packager.archetypes.JavaAppPackaging),Set(Atom(com.typesafe.sbt.packager.windows.WindowsPlugin))), Clause(Atom(com.typesafe.sbt.packager.archetypes.JavaAppPackaging),Set(Atom(com.typesafe.sbt.packager.docker.DockerPlugin))), Clause(Atom(com.typesafe.sbt.packager.archetypes.JavaAppPackaging),Set(Atom(com.typesafe.sbt.packager.debian.DebianPlugin))), Clause(Atom(com.typesafe.sbt.packager.archetypes.JavaAppPackaging),Set(Atom(com.typesafe.sbt.packager.rpm.RpmPlugin))), Clause(Atom(com.typesafe.sbt.packager.archetypes.JavaServerAppPackaging),Set(Atom(com.typesafe.sbt.packager.archetypes.JavaAppPackaging))), Clause(Atom(com.typesafe.sbt.packager.archetypes.jar.ClasspathJarPlugin),Set(Atom(com.typesafe.sbt.packager.archetypes.JavaAppPackaging))), Clause(Atom(com.typesafe.sbt.packager.archetypes.jar.LauncherJarPlugin),Set(Atom(com.typesafe.sbt.packager.archetypes.JavaAppPackaging))), Clause(Atom(com.typesafe.sbt.packager.debian.DebianDeployPlugin),Set(Atom(com.typesafe.sbt.packager.debian.DebianPlugin))), Clause(Atom(com.typesafe.sbt.packager.debian.DebianPlugin),Set(Atom(com.typesafe.sbt.packager.linux.LinuxPlugin))), Clause(Atom(com.typesafe.sbt.packager.debian.JDebPackaging),Set(Atom(com.typesafe.sbt.packager.debian.DebianPlugin))), Clause(Atom(com.typesafe.sbt.packager.docker.DockerPlugin),Set(Atom(com.typesafe.sbt.packager.universal.UniversalPlugin))), Clause(Atom(com.typesafe.sbt.packager.jdkpackager.JDKPackagerDeployPlugin),Set(Atom(com.typesafe.sbt.packager.jdkpackager.JDKPackagerPlugin))), Clause(Atom(com.typesafe.sbt.packager.jdkpackager.JDKPackagerPlugin),Set(Atom(com.typesafe.sbt.packager.archetypes.JavaAppPackaging))), Clause(Atom(com.typesafe.sbt.packager.jdkpackager.JDKPackagerPlugin),Set(Atom(com.typesafe.sbt.packager.archetypes.jar.ClasspathJarPlugin))), Clause(Atom(com.typesafe.sbt.packager.linux.LinuxPlugin),Set(Atom(com.typesafe.sbt.packager.universal.UniversalPlugin))), Clause(Atom(com.typesafe.sbt.packager.rpm.RpmDeployPlugin),Set(Atom(com.typesafe.sbt.packager.rpm.RpmPlugin))), Clause(Atom(com.typesafe.sbt.packager.rpm.RpmPlugin),Set(Atom(com.typesafe.sbt.packager.linux.LinuxPlugin))), Clause(Atom(com.typesafe.sbt.packager.universal.UniversalDeployPlugin),Set(Atom(com.typesafe.sbt.packager.universal.UniversalPlugin))), Clause(Atom(com.typesafe.sbt.packager.universal.UniversalPlugin),Set(Atom(com.typesafe.sbt.SbtNativePackager))), Clause(Atom(com.typesafe.sbt.packager.windows.WindowsDeployPlugin),Set(Atom(com.typesafe.sbt.packager.windows.WindowsPlugin))), Clause(Atom(com.typesafe.sbt.packager.windows.WindowsPlugin),Set(Atom(com.typesafe.sbt.packager.universal.UniversalPlugin))), Clause(Atom(com.typesafe.sbt.web.SbtWeb),Set(Atom(sbt.plugins.JvmPlugin))), Clause(Atom(com.typesafe.sbt.jse.SbtJsEngine),Set(Atom(com.typesafe.sbt.web.SbtWeb))), Clause(Atom(com.typesafe.sbt.jse.SbtJsTask),Set(Atom(com.typesafe.sbt.jse.SbtJsEngine))), Clause(Atom(sbt.plugins.BackgroundRunPlugin),Set(Atom(sbt.plugins.JvmPlugin))), Clause(Atom(com.typesafe.sbt.coffeescript.SbtCoffeeScript),Set(Atom(com.typesafe.sbt.jse.SbtJsTask))), Clause(Atom(com.typesafe.sbt.less.SbtLess),Set(Atom(com.typesafe.sbt.jse.SbtJsTask))), Clause(Atom(com.typesafe.sbt.jshint.SbtJSHint),Set(Atom(com.typesafe.sbt.jse.SbtJsTask))), Clause(Atom(com.typesafe.sbt.rjs.SbtRjs),Set(Atom(com.typesafe.sbt.jse.SbtJsTask))), Clause(Atom(com.typesafe.sbt.digest.SbtDigest),Set(Atom(com.typesafe.sbt.web.SbtWeb))), Clause(Atom(com.typesafe.sbt.mocha.SbtMocha),Set(Atom(com.typesafe.sbt.jse.SbtJsTask))), Clause(Atom(com.typesafe.play.sbt.enhancer.PlayEnhancer),Set(Atom(sbt.plugins.JvmPlugin))), Clause(Atom(sbt.plugins.CorePlugin),Set(Atom(sbt.plugins.IvyPlugin))), Clause(Atom(sbt.plugins.IvyPlugin),Set(Atom(sbt.plugins.JvmPlugin))), Clause(Atom(sbt.plugins.JvmPlugin),Set(Atom(sbt.plugins.JUnitXmlReportPlugin))), Clause(And(Set(Atom(sbt.plugins.BackgroundRunPlugin), Atom(play.sbt.Play), Atom(sbt.plugins.SerializersPlugin))),Set(Atom(play.sbt.forkrun.PlayForkRun))), Clause(Atom(play.sbt.Play),Set(Atom(play.sbt.PlayLayoutPlugin))), Clause(Atom(play.sbt.Play),Set(Atom(play.sbt.PlayNettyServer))), Clause(Atom(com.typesafe.sbt.web.SbtWeb),Set(Atom(com.typesafe.sbt.jse.SbtJsEngine))), Clause(Atom(com.typesafe.sbt.jse.SbtJsEngine),Set(Atom(com.typesafe.sbt.jse.SbtJsTask))), Clause(Atom(sbt.plugins.JvmPlugin),Set(Atom(sbt.plugins.BackgroundRunPlugin))), Clause(Atom(sbt.plugins.CorePlugin),Set(Atom(sbt.plugins.InteractionServicePlugin))), Clause(Atom(sbt.plugins.CorePlugin),Set(Atom(sbt.plugins.SendEventServicePlugin))), Clause(Atom(sbt.plugins.CorePlugin),Set(Atom(sbt.plugins.SerializersPlugin))), Clause(Atom(com.typesafe.sbt.jse.SbtJsTask),Set(Atom(com.typesafe.sbt.coffeescript.SbtCoffeeScript))), Clause(Atom(com.typesafe.sbt.jse.SbtJsTask),Set(Atom(com.typesafe.sbt.less.SbtLess))), Clause(Atom(com.typesafe.sbt.jse.SbtJsTask),Set(Atom(com.typesafe.sbt.jshint.SbtJSHint))), Clause(Atom(com.typesafe.sbt.jse.SbtJsTask),Set(Atom(com.typesafe.sbt.rjs.SbtRjs))), Clause(Atom(com.typesafe.sbt.web.SbtWeb),Set(Atom(com.typesafe.sbt.digest.SbtDigest))), Clause(Atom(com.typesafe.sbt.jse.SbtJsTask),Set(Atom(com.typesafe.sbt.mocha.SbtMocha))), Clause(Atom(sbt.plugins.JvmPlugin),Set(Atom(com.typesafe.play.sbt.enhancer.PlayEnhancer)))))
  :: deduced result: Matched(sbt.plugins.CorePlugin,play.sbt.PlayJava,sbt.plugins.InteractionServicePlugin,sbt.plugins.SendEventServicePlugin,play.sbt.Play,sbt.plugins.SerializersPlugin,sbt.plugins.IvyPlugin,com.typesafe.sbt.packager.archetypes.JavaServerAppPackaging,play.twirl.sbt.SbtTwirl,sbt.plugins.JvmPlugin,play.sbt.PlayNettyServer,play.sbt.PlayLayoutPlugin,play.sbt.routes.RoutesCompiler,com.typesafe.sbt.jse.SbtJsTask,com.typesafe.sbt.jshint.SbtJSHint,com.typesafe.play.sbt.enhancer.PlayEnhancer,com.typesafe.sbt.packager.archetypes.JavaAppPackaging,sbt.plugins.JUnitXmlReportPlugin,com.typesafe.sbt.mocha.SbtMocha,com.typesafe.sbt.less.SbtLess,com.typesafe.sbt.rjs.SbtRjs,com.typesafe.sbt.jse.SbtJsEngine,com.typesafe.sbt.coffeescript.SbtCoffeeScript,sbt.plugins.BackgroundRunPlugin,com.typesafe.sbt.packager.rpm.RpmPlugin,com.typesafe.sbt.packager.windows.WindowsPlugin,com.typesafe.sbt.web.SbtWeb,com.typesafe.sbt.packager.docker.DockerPlugin,play.sbt.forkrun.PlayForkRun,com.typesafe.sbt.packager.debian.DebianPlugin,com.typesafe.sbt.digest.SbtDigest,com.typesafe.sbt.packager.universal.UniversalPlugin,com.typesafe.sbt.packager.linux.LinuxPlugin,com.typesafe.sbt.SbtNativePackager)
sorting: ns: List(sbt.plugins.CorePlugin, play.sbt.PlayJava, sbt.plugins.InteractionServicePlugin, sbt.plugins.SendEventServicePlugin, play.sbt.Play, sbt.plugins.SerializersPlugin, sbt.plugins.IvyPlugin, com.typesafe.sbt.packager.archetypes.JavaServerAppPackaging, play.twirl.sbt.SbtTwirl, sbt.plugins.JvmPlugin, play.sbt.PlayNettyServer, play.sbt.PlayLayoutPlugin, play.sbt.routes.RoutesCompiler, com.typesafe.sbt.jse.SbtJsTask, com.typesafe.sbt.jshint.SbtJSHint, com.typesafe.play.sbt.enhancer.PlayEnhancer, com.typesafe.sbt.packager.archetypes.JavaAppPackaging, sbt.plugins.JUnitXmlReportPlugin, com.typesafe.sbt.mocha.SbtMocha, com.typesafe.sbt.less.SbtLess, com.typesafe.sbt.rjs.SbtRjs, com.typesafe.sbt.jse.SbtJsEngine, com.typesafe.sbt.coffeescript.SbtCoffeeScript, sbt.plugins.BackgroundRunPlugin, com.typesafe.sbt.packager.rpm.RpmPlugin, com.typesafe.sbt.packager.windows.WindowsPlugin, com.typesafe.sbt.web.SbtWeb, com.typesafe.sbt.packager.docker.DockerPlugin, play.sbt.forkrun.PlayForkRun, com.typesafe.sbt.packager.debian.DebianPlugin, com.typesafe.sbt.digest.SbtDigest, com.typesafe.sbt.packager.universal.UniversalPlugin, com.typesafe.sbt.packager.linux.LinuxPlugin, com.typesafe.sbt.SbtNativePackager)
  :: sorting:: found: List(sbt.plugins.CorePlugin, com.typesafe.sbt.SbtNativePackager) not found List(play.sbt.PlayJava, sbt.plugins.InteractionServicePlugin, sbt.plugins.SendEventServicePlugin, play.sbt.Play, sbt.plugins.SerializersPlugin, sbt.plugins.IvyPlugin, com.typesafe.sbt.packager.archetypes.JavaServerAppPackaging, play.twirl.sbt.SbtTwirl, sbt.plugins.JvmPlugin, play.sbt.PlayNettyServer, play.sbt.PlayLayoutPlugin, play.sbt.routes.RoutesCompiler, com.typesafe.sbt.jse.SbtJsTask, com.typesafe.sbt.jshint.SbtJSHint, com.typesafe.play.sbt.enhancer.PlayEnhancer, com.typesafe.sbt.packager.archetypes.JavaAppPackaging, sbt.plugins.JUnitXmlReportPlugin, com.typesafe.sbt.mocha.SbtMocha, com.typesafe.sbt.less.SbtLess, com.typesafe.sbt.rjs.SbtRjs, com.typesafe.sbt.jse.SbtJsEngine, com.typesafe.sbt.coffeescript.SbtCoffeeScript, sbt.plugins.BackgroundRunPlugin, com.typesafe.sbt.packager.rpm.RpmPlugin, com.typesafe.sbt.packager.windows.WindowsPlugin, com.typesafe.sbt.web.SbtWeb, com.typesafe.sbt.packager.docker.DockerPlugin, play.sbt.forkrun.PlayForkRun, com.typesafe.sbt.packager.debian.DebianPlugin, com.typesafe.sbt.digest.SbtDigest, com.typesafe.sbt.packager.universal.UniversalPlugin, com.typesafe.sbt.packager.linux.LinuxPlugin)
  :: sorting:: found: List(sbt.plugins.CorePlugin, com.typesafe.sbt.SbtNativePackager, sbt.plugins.InteractionServicePlugin, sbt.plugins.SendEventServicePlugin, sbt.plugins.SerializersPlugin, sbt.plugins.IvyPlugin, com.typesafe.sbt.packager.universal.UniversalPlugin) not found List(play.sbt.PlayJava, play.sbt.Play, com.typesafe.sbt.packager.archetypes.JavaServerAppPackaging, play.twirl.sbt.SbtTwirl, sbt.plugins.JvmPlugin, play.sbt.PlayNettyServer, play.sbt.PlayLayoutPlugin, play.sbt.routes.RoutesCompiler, com.typesafe.sbt.jse.SbtJsTask, com.typesafe.sbt.jshint.SbtJSHint, com.typesafe.play.sbt.enhancer.PlayEnhancer, com.typesafe.sbt.packager.archetypes.JavaAppPackaging, sbt.plugins.JUnitXmlReportPlugin, com.typesafe.sbt.mocha.SbtMocha, com.typesafe.sbt.less.SbtLess, com.typesafe.sbt.rjs.SbtRjs, com.typesafe.sbt.jse.SbtJsEngine, com.typesafe.sbt.coffeescript.SbtCoffeeScript, sbt.plugins.BackgroundRunPlugin, com.typesafe.sbt.packager.rpm.RpmPlugin, com.typesafe.sbt.packager.windows.WindowsPlugin, com.typesafe.sbt.web.SbtWeb, com.typesafe.sbt.packager.docker.DockerPlugin, play.sbt.forkrun.PlayForkRun, com.typesafe.sbt.packager.debian.DebianPlugin, com.typesafe.sbt.digest.SbtDigest, com.typesafe.sbt.packager.linux.LinuxPlugin)
  :: sorting:: found: List(sbt.plugins.CorePlugin, com.typesafe.sbt.SbtNativePackager, sbt.plugins.InteractionServicePlugin, sbt.plugins.SendEventServicePlugin, sbt.plugins.SerializersPlugin, sbt.plugins.IvyPlugin, com.typesafe.sbt.packager.universal.UniversalPlugin, sbt.plugins.JvmPlugin, com.typesafe.sbt.packager.windows.WindowsPlugin, com.typesafe.sbt.packager.docker.DockerPlugin, com.typesafe.sbt.packager.linux.LinuxPlugin) not found List(play.sbt.PlayJava, play.sbt.Play, com.typesafe.sbt.packager.archetypes.JavaServerAppPackaging, play.twirl.sbt.SbtTwirl, play.sbt.PlayNettyServer, play.sbt.PlayLayoutPlugin, play.sbt.routes.RoutesCompiler, com.typesafe.sbt.jse.SbtJsTask, com.typesafe.sbt.jshint.SbtJSHint, com.typesafe.play.sbt.enhancer.PlayEnhancer, com.typesafe.sbt.packager.archetypes.JavaAppPackaging, sbt.plugins.JUnitXmlReportPlugin, com.typesafe.sbt.mocha.SbtMocha, com.typesafe.sbt.less.SbtLess, com.typesafe.sbt.rjs.SbtRjs, com.typesafe.sbt.jse.SbtJsEngine, com.typesafe.sbt.coffeescript.SbtCoffeeScript, sbt.plugins.BackgroundRunPlugin, com.typesafe.sbt.packager.rpm.RpmPlugin, com.typesafe.sbt.web.SbtWeb, play.sbt.forkrun.PlayForkRun, com.typesafe.sbt.packager.debian.DebianPlugin, com.typesafe.sbt.digest.SbtDigest)
  :: sorting:: found: List(sbt.plugins.CorePlugin, com.typesafe.sbt.SbtNativePackager, sbt.plugins.InteractionServicePlugin, sbt.plugins.SendEventServicePlugin, sbt.plugins.SerializersPlugin, sbt.plugins.IvyPlugin, com.typesafe.sbt.packager.universal.UniversalPlugin, sbt.plugins.JvmPlugin, com.typesafe.sbt.packager.windows.WindowsPlugin, com.typesafe.sbt.packager.docker.DockerPlugin, com.typesafe.sbt.packager.linux.LinuxPlugin, play.twirl.sbt.SbtTwirl, play.sbt.routes.RoutesCompiler, com.typesafe.play.sbt.enhancer.PlayEnhancer, sbt.plugins.JUnitXmlReportPlugin, sbt.plugins.BackgroundRunPlugin, com.typesafe.sbt.packager.rpm.RpmPlugin, com.typesafe.sbt.web.SbtWeb, com.typesafe.sbt.packager.debian.DebianPlugin) not found List(play.sbt.PlayJava, play.sbt.Play, com.typesafe.sbt.packager.archetypes.JavaServerAppPackaging, play.sbt.PlayNettyServer, play.sbt.PlayLayoutPlugin, com.typesafe.sbt.jse.SbtJsTask, com.typesafe.sbt.jshint.SbtJSHint, com.typesafe.sbt.packager.archetypes.JavaAppPackaging, com.typesafe.sbt.mocha.SbtMocha, com.typesafe.sbt.less.SbtLess, com.typesafe.sbt.rjs.SbtRjs, com.typesafe.sbt.jse.SbtJsEngine, com.typesafe.sbt.coffeescript.SbtCoffeeScript, play.sbt.forkrun.PlayForkRun, com.typesafe.sbt.digest.SbtDigest)
  :: sorting:: found: List(sbt.plugins.CorePlugin, com.typesafe.sbt.SbtNativePackager, sbt.plugins.InteractionServicePlugin, sbt.plugins.SendEventServicePlugin, sbt.plugins.SerializersPlugin, sbt.plugins.IvyPlugin, com.typesafe.sbt.packager.universal.UniversalPlugin, sbt.plugins.JvmPlugin, com.typesafe.sbt.packager.windows.WindowsPlugin, com.typesafe.sbt.packager.docker.DockerPlugin, com.typesafe.sbt.packager.linux.LinuxPlugin, play.twirl.sbt.SbtTwirl, play.sbt.routes.RoutesCompiler, com.typesafe.play.sbt.enhancer.PlayEnhancer, sbt.plugins.JUnitXmlReportPlugin, sbt.plugins.BackgroundRunPlugin, com.typesafe.sbt.packager.rpm.RpmPlugin, com.typesafe.sbt.web.SbtWeb, com.typesafe.sbt.packager.debian.DebianPlugin, com.typesafe.sbt.packager.archetypes.JavaAppPackaging, com.typesafe.sbt.jse.SbtJsEngine, com.typesafe.sbt.digest.SbtDigest) not found List(play.sbt.PlayJava, play.sbt.Play, com.typesafe.sbt.packager.archetypes.JavaServerAppPackaging, play.sbt.PlayNettyServer, play.sbt.PlayLayoutPlugin, com.typesafe.sbt.jse.SbtJsTask, com.typesafe.sbt.jshint.SbtJSHint, com.typesafe.sbt.mocha.SbtMocha, com.typesafe.sbt.less.SbtLess, com.typesafe.sbt.rjs.SbtRjs, com.typesafe.sbt.coffeescript.SbtCoffeeScript, play.sbt.forkrun.PlayForkRun)
  :: sorting:: found: List(sbt.plugins.CorePlugin, com.typesafe.sbt.SbtNativePackager, sbt.plugins.InteractionServicePlugin, sbt.plugins.SendEventServicePlugin, sbt.plugins.SerializersPlugin, sbt.plugins.IvyPlugin, com.typesafe.sbt.packager.universal.UniversalPlugin, sbt.plugins.JvmPlugin, com.typesafe.sbt.packager.windows.WindowsPlugin, com.typesafe.sbt.packager.docker.DockerPlugin, com.typesafe.sbt.packager.linux.LinuxPlugin, play.twirl.sbt.SbtTwirl, play.sbt.routes.RoutesCompiler, com.typesafe.play.sbt.enhancer.PlayEnhancer, sbt.plugins.JUnitXmlReportPlugin, sbt.plugins.BackgroundRunPlugin, com.typesafe.sbt.packager.rpm.RpmPlugin, com.typesafe.sbt.web.SbtWeb, com.typesafe.sbt.packager.debian.DebianPlugin, com.typesafe.sbt.packager.archetypes.JavaAppPackaging, com.typesafe.sbt.jse.SbtJsEngine, com.typesafe.sbt.digest.SbtDigest, com.typesafe.sbt.packager.archetypes.JavaServerAppPackaging, com.typesafe.sbt.jse.SbtJsTask) not found List(play.sbt.PlayJava, play.sbt.Play, play.sbt.PlayNettyServer, play.sbt.PlayLayoutPlugin, com.typesafe.sbt.jshint.SbtJSHint, com.typesafe.sbt.mocha.SbtMocha, com.typesafe.sbt.less.SbtLess, com.typesafe.sbt.rjs.SbtRjs, com.typesafe.sbt.coffeescript.SbtCoffeeScript, play.sbt.forkrun.PlayForkRun)
  :: sorting:: found: List(sbt.plugins.CorePlugin, com.typesafe.sbt.SbtNativePackager, sbt.plugins.InteractionServicePlugin, sbt.plugins.SendEventServicePlugin, sbt.plugins.SerializersPlugin, sbt.plugins.IvyPlugin, com.typesafe.sbt.packager.universal.UniversalPlugin, sbt.plugins.JvmPlugin, com.typesafe.sbt.packager.windows.WindowsPlugin, com.typesafe.sbt.packager.docker.DockerPlugin, com.typesafe.sbt.packager.linux.LinuxPlugin, play.twirl.sbt.SbtTwirl, play.sbt.routes.RoutesCompiler, com.typesafe.play.sbt.enhancer.PlayEnhancer, sbt.plugins.JUnitXmlReportPlugin, sbt.plugins.BackgroundRunPlugin, com.typesafe.sbt.packager.rpm.RpmPlugin, com.typesafe.sbt.web.SbtWeb, com.typesafe.sbt.packager.debian.DebianPlugin, com.typesafe.sbt.packager.archetypes.JavaAppPackaging, com.typesafe.sbt.jse.SbtJsEngine, com.typesafe.sbt.digest.SbtDigest, com.typesafe.sbt.packager.archetypes.JavaServerAppPackaging, com.typesafe.sbt.jse.SbtJsTask, play.sbt.Play, com.typesafe.sbt.jshint.SbtJSHint, com.typesafe.sbt.mocha.SbtMocha, com.typesafe.sbt.less.SbtLess, com.typesafe.sbt.rjs.SbtRjs, com.typesafe.sbt.coffeescript.SbtCoffeeScript) not found List(play.sbt.PlayJava, play.sbt.PlayNettyServer, play.sbt.PlayLayoutPlugin, play.sbt.forkrun.PlayForkRun)
  :: sorting:: found: List(sbt.plugins.CorePlugin, com.typesafe.sbt.SbtNativePackager, sbt.plugins.InteractionServicePlugin, sbt.plugins.SendEventServicePlugin, sbt.plugins.SerializersPlugin, sbt.plugins.IvyPlugin, com.typesafe.sbt.packager.universal.UniversalPlugin, sbt.plugins.JvmPlugin, com.typesafe.sbt.packager.windows.WindowsPlugin, com.typesafe.sbt.packager.docker.DockerPlugin, com.typesafe.sbt.packager.linux.LinuxPlugin, play.twirl.sbt.SbtTwirl, play.sbt.routes.RoutesCompiler, com.typesafe.play.sbt.enhancer.PlayEnhancer, sbt.plugins.JUnitXmlReportPlugin, sbt.plugins.BackgroundRunPlugin, com.typesafe.sbt.packager.rpm.RpmPlugin, com.typesafe.sbt.web.SbtWeb, com.typesafe.sbt.packager.debian.DebianPlugin, com.typesafe.sbt.packager.archetypes.JavaAppPackaging, com.typesafe.sbt.jse.SbtJsEngine, com.typesafe.sbt.digest.SbtDigest, com.typesafe.sbt.packager.archetypes.JavaServerAppPackaging, com.typesafe.sbt.jse.SbtJsTask, play.sbt.Play, com.typesafe.sbt.jshint.SbtJSHint, com.typesafe.sbt.mocha.SbtMocha, com.typesafe.sbt.less.SbtLess, com.typesafe.sbt.rjs.SbtRjs, com.typesafe.sbt.coffeescript.SbtCoffeeScript, play.sbt.PlayJava, play.sbt.PlayNettyServer, play.sbt.PlayLayoutPlugin, play.sbt.forkrun.PlayForkRun) not found List()
  :: sorted deduced result: List(sbt.plugins.CorePlugin, com.typesafe.sbt.SbtNativePackager, sbt.plugins.InteractionServicePlugin, sbt.plugins.SendEventServicePlugin, sbt.plugins.SerializersPlugin, sbt.plugins.IvyPlugin, com.typesafe.sbt.packager.universal.UniversalPlugin, sbt.plugins.JvmPlugin, com.typesafe.sbt.packager.windows.WindowsPlugin, com.typesafe.sbt.packager.docker.DockerPlugin, com.typesafe.sbt.packager.linux.LinuxPlugin, play.twirl.sbt.SbtTwirl, play.sbt.routes.RoutesCompiler, com.typesafe.play.sbt.enhancer.PlayEnhancer, sbt.plugins.JUnitXmlReportPlugin, sbt.plugins.BackgroundRunPlugin, com.typesafe.sbt.packager.rpm.RpmPlugin, com.typesafe.sbt.web.SbtWeb, com.typesafe.sbt.packager.debian.DebianPlugin, com.typesafe.sbt.packager.archetypes.JavaAppPackaging, com.typesafe.sbt.jse.SbtJsEngine, com.typesafe.sbt.digest.SbtDigest, com.typesafe.sbt.packager.archetypes.JavaServerAppPackaging, com.typesafe.sbt.jse.SbtJsTask, play.sbt.Play, com.typesafe.sbt.jshint.SbtJSHint, com.typesafe.sbt.mocha.SbtMocha, com.typesafe.sbt.less.SbtLess, com.typesafe.sbt.rjs.SbtRjs, com.typesafe.sbt.coffeescript.SbtCoffeeScript, play.sbt.PlayJava, play.sbt.PlayNettyServer, play.sbt.PlayLayoutPlugin, play.sbt.forkrun.PlayForkRun)
[Loading] Done in /Users/Rob/code/dojo/firstapp, returning: (root)
Set current project to firstapp (in build file:/Users/Rob/code/dojo/firstapp/)
Reapplying settings...
Set current project to firstapp (in build file:/Users/Rob/code/dojo/firstapp/)
> iflast shell
> server-send-ready-for-request
> server-handle-next-server-request
> {file:/Users/Rob/code/dojo/firstapp/}root/compile:mainClass
Evaluating tasks: compile:mainClass
Running task... Cancel: sbt.server.ServerTaskCancellation@38e53420, check cycles: false
Total time: 0 s, completed Nov 11, 2015 8:08:16 PM
> server-post-command-cleanup
> server-handle-next-server-request
> {file:/Users/Rob/code/dojo/firstapp/}root/compile:discoveredMainClasses
Evaluating tasks: compile:discoveredMainClasses
Running task... Cancel: sbt.server.ServerTaskCancellation@2d26b094, check cycles: false
Received TaskFinished for a task we don't know about TaskFinished(2,20,None,true,None)
Received TaskFinished for a task we don't know about TaskFinished(2,20,None,true,None)
Use 'last' for the full log.
> server-post-command-error-handler
> server-post-command-cleanup
> server-handle-next-server-request
> {file:/Users/Rob/code/dojo/firstapp/}root/compile:mainClass
Evaluating tasks: compile:mainClass
Running task... Cancel: sbt.server.ServerTaskCancellation@465f1820, check cycles: false
Total time: 0 s, completed Nov 11, 2015 8:08:16 PM
> server-post-command-cleanup
> server-handle-next-server-request
> {file:/Users/Rob/code/dojo/firstapp/}root/compile:discoveredMainClasses
Evaluating tasks: compile:discoveredMainClasses
Running task... Cancel: sbt.server.ServerTaskCancellation@71b70392, check cycles: false

Initial source changes: 
	removed:Set()
	added: Set()
	modified: Set(/Users/Rob/code/dojo/firstapp/app/models/Entry.java)
Removed products: Set()
External API changes: API Changes: Set()
Modified binary dependencies: Set()
Initial directly invalidated sources: Set(/Users/Rob/code/dojo/firstapp/app/models/Entry.java)

Sources indirectly invalidated by:
	product: Set()
	binary dep: Set()
	external source: Set()
All initially invalidated sources: Set(/Users/Rob/code/dojo/firstapp/app/models/Entry.java)

Read from stdout: Compiling 1 Java source to /Users/Rob/code/dojo/firstapp/target/scala-2.11/classes...
Compiling 1 Java source to /Users/Rob/code/dojo/firstapp/target/scala-2.11/classes...
Attempting to call com.sun.tools.javac.api.JavacTool@721a3f1c directly...
Read from stdout: /Users/Rob/code/dojo/firstapp/app/models/Entry.java:19: ';' expected
/Users/Rob/code/dojo/firstapp/app/models/Entry.java:19: ';' expected
Read from stdout: /Users/Rob/code/dojo/firstapp/app/models/Entry.java:19: <identifier> expected
/Users/Rob/code/dojo/firstapp/app/models/Entry.java:19: <identifier> expected
Read from stdout: /Users/Rob/code/dojo/firstapp/app/models/Entry.java:19: <identifier> expected
/Users/Rob/code/dojo/firstapp/app/models/Entry.java:19: <identifier> expected
Read from stdout: /Users/Rob/code/dojo/firstapp/app/models/Entry.java:19: <identifier> expected
/Users/Rob/code/dojo/firstapp/app/models/Entry.java:19: <identifier> expected
Read from stdout: (compile:compileIncremental) javac returned nonzero exit code
(compile:compileIncremental) javac returned nonzero exit code
Total time: 1 s, completed Nov 11, 2015 8:08:17 PM
> server-post-command-error-handler
> server-post-command-cleanup
> server-handle-next-server-request
> compile
Evaluating tasks: compile:compile
Running task... Cancel: sbt.server.ServerTaskCancellation@6de92302, check cycles: false

Initial source changes: 
	removed:Set()
	added: Set()
	modified: Set(/Users/Rob/code/dojo/firstapp/app/models/Entry.java)
Removed products: Set()
External API changes: API Changes: Set()
Modified binary dependencies: Set()
Initial directly invalidated sources: Set(/Users/Rob/code/dojo/firstapp/app/models/Entry.java)

Sources indirectly invalidated by:
	product: Set()
	binary dep: Set()
	external source: Set()
All initially invalidated sources: Set(/Users/Rob/code/dojo/firstapp/app/models/Entry.java)

Read from stdout: Compiling 1 Java source to /Users/Rob/code/dojo/firstapp/target/scala-2.11/classes...
Compiling 1 Java source to /Users/Rob/code/dojo/firstapp/target/scala-2.11/classes...
Attempting to call com.sun.tools.javac.api.JavacTool@682d437d directly...
Read from stdout: /Users/Rob/code/dojo/firstapp/app/models/Entry.java:5: package javax.persistence does not exist
/Users/Rob/code/dojo/firstapp/app/models/Entry.java:5: package javax.persistence does not exist
Read from stdout: /Users/Rob/code/dojo/firstapp/app/models/Entry.java:7: package play.db.ebean does not exist
/Users/Rob/code/dojo/firstapp/app/models/Entry.java:7: package play.db.ebean does not exist
Read from stdout: /Users/Rob/code/dojo/firstapp/app/models/Entry.java:12: cannot find symbol
Read from stdout: symbol: class Model
/Users/Rob/code/dojo/firstapp/app/models/Entry.java:12: cannot find symbol
  symbol: class Model
Read from stdout: Model
Model
Read from stdout: /Users/Rob/code/dojo/firstapp/app/models/Entry.java:11: cannot find symbol
Read from stdout: symbol: class Entity
/Users/Rob/code/dojo/firstapp/app/models/Entry.java:11: cannot find symbol
  symbol: class Entity
Read from stdout: Entity
Entity
Read from stdout: /Users/Rob/code/dojo/firstapp/app/models/Entry.java:13: cannot find symbol
Read from stdout: symbol:   class ID
Read from stdout: location: class models.Entry
/Users/Rob/code/dojo/firstapp/app/models/Entry.java:13: cannot find symbol
  symbol:   class ID
  location: class models.Entry
Read from stdout: ID
ID
Read from stdout: (compile:compileIncremental) javac returned nonzero exit code
(compile:compileIncremental) javac returned nonzero exit code
Total time: 0 s, completed Nov 11, 2015 8:09:39 PM
> server-post-command-error-handler
> server-post-command-cleanup
> server-handle-next-server-request
> compile
Evaluating tasks: compile:compile
Running task... Cancel: sbt.server.ServerTaskCancellation@77f9b8ee, check cycles: false

Initial source changes: 
	removed:Set()
	added: Set()
	modified: Set(/Users/Rob/code/dojo/firstapp/app/models/Entry.java)
Removed products: Set()
External API changes: API Changes: Set()
Modified binary dependencies: Set()
Initial directly invalidated sources: Set(/Users/Rob/code/dojo/firstapp/app/models/Entry.java)

Sources indirectly invalidated by:
	product: Set()
	binary dep: Set()
	external source: Set()
All initially invalidated sources: Set(/Users/Rob/code/dojo/firstapp/app/models/Entry.java)

Read from stdout: Compiling 1 Java source to /Users/Rob/code/dojo/firstapp/target/scala-2.11/classes...
Compiling 1 Java source to /Users/Rob/code/dojo/firstapp/target/scala-2.11/classes...
Attempting to call com.sun.tools.javac.api.JavacTool@5ce1dc6c directly...
Read from stdout: /Users/Rob/code/dojo/firstapp/app/models/Entry.java:19: ';' expected
/Users/Rob/code/dojo/firstapp/app/models/Entry.java:19: ';' expected
Read from stdout: /Users/Rob/code/dojo/firstapp/app/models/Entry.java:19: <identifier> expected
/Users/Rob/code/dojo/firstapp/app/models/Entry.java:19: <identifier> expected
Read from stdout: /Users/Rob/code/dojo/firstapp/app/models/Entry.java:19: <identifier> expected
/Users/Rob/code/dojo/firstapp/app/models/Entry.java:19: <identifier> expected
Read from stdout: /Users/Rob/code/dojo/firstapp/app/models/Entry.java:19: <identifier> expected
/Users/Rob/code/dojo/firstapp/app/models/Entry.java:19: <identifier> expected
Read from stdout: (compile:compileIncremental) javac returned nonzero exit code
(compile:compileIncremental) javac returned nonzero exit code
Total time: 0 s, completed Nov 11, 2015 8:11:21 PM
> server-post-command-error-handler
> server-post-command-cleanup
> server-handle-next-server-request
> compile
Evaluating tasks: compile:compile
Running task... Cancel: sbt.server.ServerTaskCancellation@2fa4d8e, check cycles: false

Initial source changes: 
	removed:Set()
	added: Set()
	modified: Set(/Users/Rob/code/dojo/firstapp/app/models/Entry.java)
Removed products: Set()
External API changes: API Changes: Set()
Modified binary dependencies: Set()
Initial directly invalidated sources: Set(/Users/Rob/code/dojo/firstapp/app/models/Entry.java)

Sources indirectly invalidated by:
	product: Set()
	binary dep: Set()
	external source: Set()
All initially invalidated sources: Set(/Users/Rob/code/dojo/firstapp/app/models/Entry.java)

Read from stdout: Compiling 1 Java source to /Users/Rob/code/dojo/firstapp/target/scala-2.11/classes...
Compiling 1 Java source to /Users/Rob/code/dojo/firstapp/target/scala-2.11/classes...
Attempting to call com.sun.tools.javac.api.JavacTool@3a162a81 directly...
Read from stdout: /Users/Rob/code/dojo/firstapp/app/models/Entry.java:9: class ZenUser is public, should be declared in a file named ZenUser.java
/Users/Rob/code/dojo/firstapp/app/models/Entry.java:9: class ZenUser is public, should be declared in a file named ZenUser.java
Read from stdout: @Entity
Read from stdout: public class ZenUser extends Model {
Read from stdout: 
Read from stdout: @Id
Read from stdout: public String email;
Read from stdout: public String name;
Read from stdout: public String password;
Read from stdout: 
Read from stdout: public ZenUser(String email, String name, String password) {
Read from stdout: this.email = email;
Read from stdout: this.name = name;
Read from stdout: this.password = password;
Read from stdout: }
Read from stdout: 
Read from stdout: public static ZenUser authenticate(String email, String password) {
Read from stdout: return find.where().eq("email", email).eq("password", password).findUnique();
Read from stdout: }
Read from stdout: 
Read from stdout: public static Finder<String, ZenUser> find = new Finder<String, ZenUser>(String.class, ZenUser.class);
Read from stdout: }
@Entity
public class ZenUser extends Model {

    @Id
    public String email;
    public String name;
    public String password;

    public ZenUser(String email, String name, String password) {
        this.email = email;
        this.name = name;
        this.password = password;
    }

    public static ZenUser authenticate(String email, String password) {
        return find.where().eq("email", email).eq("password", password).findUnique();
    }

    public static Finder<String, ZenUser> find = new Finder<String, ZenUser>(String.class, ZenUser.class);
}
Read from stdout: /Users/Rob/code/dojo/firstapp/app/models/Entry.java:3: package javax.persistence does not exist
/Users/Rob/code/dojo/firstapp/app/models/Entry.java:3: package javax.persistence does not exist
Read from stdout: javax.persistence.Entity
javax.persistence.Entity
Read from stdout: /Users/Rob/code/dojo/firstapp/app/models/Entry.java:4: package javax.persistence does not exist
/Users/Rob/code/dojo/firstapp/app/models/Entry.java:4: package javax.persistence does not exist
Read from stdout: javax.persistence.Id
javax.persistence.Id
Read from stdout: /Users/Rob/code/dojo/firstapp/app/models/Entry.java:6: package play.db.ebean does not exist
/Users/Rob/code/dojo/firstapp/app/models/Entry.java:6: package play.db.ebean does not exist
Read from stdout: play.db.ebean.Model
play.db.ebean.Model
Read from stdout: /Users/Rob/code/dojo/firstapp/app/models/Entry.java:9: cannot find symbol
Read from stdout: symbol: class Model
/Users/Rob/code/dojo/firstapp/app/models/Entry.java:9: cannot find symbol
  symbol: class Model
Read from stdout: Model
Model
Read from stdout: /Users/Rob/code/dojo/firstapp/app/models/Entry.java:8: cannot find symbol
Read from stdout: symbol: class Entity
/Users/Rob/code/dojo/firstapp/app/models/Entry.java:8: cannot find symbol
  symbol: class Entity
Read from stdout: Entity
Entity
Read from stdout: /Users/Rob/code/dojo/firstapp/app/models/Entry.java:26: cannot find symbol
Read from stdout: symbol:   class Finder
Read from stdout: location: class models.ZenUser
/Users/Rob/code/dojo/firstapp/app/models/Entry.java:26: cannot find symbol
  symbol:   class Finder
  location: class models.ZenUser
Read from stdout: Finder
Finder
Read from stdout: /Users/Rob/code/dojo/firstapp/app/models/Entry.java:11: cannot find symbol
Read from stdout: symbol:   class Id
Read from stdout: location: class models.ZenUser
/Users/Rob/code/dojo/firstapp/app/models/Entry.java:11: cannot find symbol
  symbol:   class Id
  location: class models.ZenUser
Read from stdout: Id
Id
Read from stdout: /Users/Rob/code/dojo/firstapp/app/models/Entry.java:26: cannot find symbol
Read from stdout: symbol:   class Finder
Read from stdout: location: class models.ZenUser
/Users/Rob/code/dojo/firstapp/app/models/Entry.java:26: cannot find symbol
  symbol:   class Finder
  location: class models.ZenUser
Read from stdout: Finder
Finder
Read from stdout: (compile:compileIncremental) javac returned nonzero exit code
(compile:compileIncremental) javac returned nonzero exit code
Total time: 0 s, completed Nov 11, 2015 8:15:08 PM
> server-post-command-error-handler
> server-post-command-cleanup
> server-handle-next-server-request
> compile
Evaluating tasks: compile:compile
Running task... Cancel: sbt.server.ServerTaskCancellation@33b7fec3, check cycles: false

Initial source changes: 
	removed:Set()
	added: Set()
	modified: Set(/Users/Rob/code/dojo/firstapp/app/models/Entry.java)
Removed products: Set()
External API changes: API Changes: Set()
Modified binary dependencies: Set()
Initial directly invalidated sources: Set(/Users/Rob/code/dojo/firstapp/app/models/Entry.java)

Sources indirectly invalidated by:
	product: Set()
	binary dep: Set()
	external source: Set()
All initially invalidated sources: Set(/Users/Rob/code/dojo/firstapp/app/models/Entry.java)

Read from stdout: Compiling 1 Java source to /Users/Rob/code/dojo/firstapp/target/scala-2.11/classes...
Compiling 1 Java source to /Users/Rob/code/dojo/firstapp/target/scala-2.11/classes...
Attempting to call com.sun.tools.javac.api.JavacTool@42383625 directly...
Read from stdout: /Users/Rob/code/dojo/firstapp/app/models/Entry.java:9: class ZenUser is public, should be declared in a file named ZenUser.java
/Users/Rob/code/dojo/firstapp/app/models/Entry.java:9: class ZenUser is public, should be declared in a file named ZenUser.java
Read from stdout: @Entity
Read from stdout: public class ZenUser extends Model {
Read from stdout: 
Read from stdout: @Id
Read from stdout: public String email;
Read from stdout: public String name;
Read from stdout: public String password;
Read from stdout: 
Read from stdout: public ZenUser(String email, String name, String password) {
Read from stdout: this.email = email;
Read from stdout: this.name = name;
Read from stdout: this.password = password;
Read from stdout: }
Read from stdout: 
Read from stdout: public static ZenUser authenticate(String email, String password) {
Read from stdout: return find.where().eq("email", email).eq("password", password).findUnique();
Read from stdout: }
Read from stdout: 
Read from stdout: public static Finder<String, ZenUser> find = new Finder<String, ZenUser>(String.class, ZenUser.class);
Read from stdout: }
@Entity
public class ZenUser extends Model {

    @Id
    public String email;
    public String name;
    public String password;

    public ZenUser(String email, String name, String password) {
        this.email = email;
        this.name = name;
        this.password = password;
    }

    public static ZenUser authenticate(String email, String password) {
        return find.where().eq("email", email).eq("password", password).findUnique();
    }

    public static Finder<String, ZenUser> find = new Finder<String, ZenUser>(String.class, ZenUser.class);
}
Read from stdout: /Users/Rob/code/dojo/firstapp/app/models/Entry.java:3: package javax.persistence does not exist
/Users/Rob/code/dojo/firstapp/app/models/Entry.java:3: package javax.persistence does not exist
Read from stdout: javax.persistence.Entity
javax.persistence.Entity
Read from stdout: /Users/Rob/code/dojo/firstapp/app/models/Entry.java:4: package javax.persistence does not exist
/Users/Rob/code/dojo/firstapp/app/models/Entry.java:4: package javax.persistence does not exist
Read from stdout: javax.persistence.Id
javax.persistence.Id
Read from stdout: /Users/Rob/code/dojo/firstapp/app/models/Entry.java:6: package play.db.ebean does not exist
/Users/Rob/code/dojo/firstapp/app/models/Entry.java:6: package play.db.ebean does not exist
Read from stdout: play.db.ebean.Model
play.db.ebean.Model
Read from stdout: /Users/Rob/code/dojo/firstapp/app/models/Entry.java:9: cannot find symbol
Read from stdout: symbol: class Model
/Users/Rob/code/dojo/firstapp/app/models/Entry.java:9: cannot find symbol
  symbol: class Model
Read from stdout: Model
Model
Read from stdout: /Users/Rob/code/dojo/firstapp/app/models/Entry.java:8: cannot find symbol
Read from stdout: symbol: class Entity
/Users/Rob/code/dojo/firstapp/app/models/Entry.java:8: cannot find symbol
  symbol: class Entity
Read from stdout: Entity
Entity
Read from stdout: /Users/Rob/code/dojo/firstapp/app/models/Entry.java:26: cannot find symbol
Read from stdout: symbol:   class Finder
Read from stdout: location: class models.ZenUser
/Users/Rob/code/dojo/firstapp/app/models/Entry.java:26: cannot find symbol
  symbol:   class Finder
  location: class models.ZenUser
Read from stdout: Finder
Finder
Read from stdout: /Users/Rob/code/dojo/firstapp/app/models/Entry.java:11: cannot find symbol
Read from stdout: symbol:   class Id
Read from stdout: location: class models.ZenUser
/Users/Rob/code/dojo/firstapp/app/models/Entry.java:11: cannot find symbol
  symbol:   class Id
  location: class models.ZenUser
Read from stdout: Id
Id
Read from stdout: /Users/Rob/code/dojo/firstapp/app/models/Entry.java:26: cannot find symbol
Read from stdout: symbol:   class Finder
Read from stdout: location: class models.ZenUser
/Users/Rob/code/dojo/firstapp/app/models/Entry.java:26: cannot find symbol
  symbol:   class Finder
  location: class models.ZenUser
Read from stdout: Finder
Finder
Read from stdout: (compile:compileIncremental) javac returned nonzero exit code
(compile:compileIncremental) javac returned nonzero exit code
Total time: 0 s, completed Nov 11, 2015 8:15:09 PM
> server-post-command-error-handler
> server-post-command-cleanup
> server-handle-next-server-request
> compile
Evaluating tasks: compile:compile
Running task... Cancel: sbt.server.ServerTaskCancellation@32657b4d, check cycles: false

Initial source changes: 
	removed:Set()
	added: Set()
	modified: Set(/Users/Rob/code/dojo/firstapp/app/models/Entry.java)
Removed products: Set()
External API changes: API Changes: Set()
Modified binary dependencies: Set()
Initial directly invalidated sources: Set(/Users/Rob/code/dojo/firstapp/app/models/Entry.java)

Sources indirectly invalidated by:
	product: Set()
	binary dep: Set()
	external source: Set()
All initially invalidated sources: Set(/Users/Rob/code/dojo/firstapp/app/models/Entry.java)

Read from stdout: Compiling 1 Java source to /Users/Rob/code/dojo/firstapp/target/scala-2.11/classes...
Compiling 1 Java source to /Users/Rob/code/dojo/firstapp/target/scala-2.11/classes...
Attempting to call com.sun.tools.javac.api.JavacTool@2ef9921b directly...
Read from stdout: /Users/Rob/code/dojo/firstapp/app/models/Entry.java:9: class ZenUser is public, should be declared in a file named ZenUser.java
/Users/Rob/code/dojo/firstapp/app/models/Entry.java:9: class ZenUser is public, should be declared in a file named ZenUser.java
Read from stdout: @Entity
Read from stdout: public class ZenUser extends Model {
Read from stdout: 
Read from stdout: @Id
Read from stdout: public String email;
Read from stdout: public String name;
Read from stdout: public String password;
Read from stdout: 
Read from stdout: public ZenUser(String email, String name, String password) {
Read from stdout: this.email = email;
Read from stdout: this.name = name;
Read from stdout: this.password = password;
Read from stdout: }
Read from stdout: 
Read from stdout: public static ZenUser authenticate(String email, String password) {
Read from stdout: return find.where().eq("email", email).eq("password", password).findUnique();
Read from stdout: }
Read from stdout: 
Read from stdout: public static Finder<String, ZenUser> find = new Finder<String, ZenUser>(String.class, ZenUser.class);
Read from stdout: }
@Entity
public class ZenUser extends Model {

    @Id
    public String email;
    public String name;
    public String password;

    public ZenUser(String email, String name, String password) {
        this.email = email;
        this.name = name;
        this.password = password;
    }

    public static ZenUser authenticate(String email, String password) {
        return find.where().eq("email", email).eq("password", password).findUnique();
    }

    public static Finder<String, ZenUser> find = new Finder<String, ZenUser>(String.class, ZenUser.class);
}
Read from stdout: /Users/Rob/code/dojo/firstapp/app/models/Entry.java:3: package javax.persistence does not exist
/Users/Rob/code/dojo/firstapp/app/models/Entry.java:3: package javax.persistence does not exist
Read from stdout: javax.persistence.Entity
javax.persistence.Entity
Read from stdout: /Users/Rob/code/dojo/firstapp/app/models/Entry.java:4: package javax.persistence does not exist
/Users/Rob/code/dojo/firstapp/app/models/Entry.java:4: package javax.persistence does not exist
Read from stdout: javax.persistence.Id
javax.persistence.Id
Read from stdout: /Users/Rob/code/dojo/firstapp/app/models/Entry.java:6: package play.db.ebean does not exist
/Users/Rob/code/dojo/firstapp/app/models/Entry.java:6: package play.db.ebean does not exist
Read from stdout: play.db.ebean.Model
play.db.ebean.Model
Read from stdout: /Users/Rob/code/dojo/firstapp/app/models/Entry.java:9: cannot find symbol
Read from stdout: symbol: class Model
/Users/Rob/code/dojo/firstapp/app/models/Entry.java:9: cannot find symbol
  symbol: class Model
Read from stdout: Model
Model
Read from stdout: /Users/Rob/code/dojo/firstapp/app/models/Entry.java:8: cannot find symbol
Read from stdout: symbol: class Entity
/Users/Rob/code/dojo/firstapp/app/models/Entry.java:8: cannot find symbol
  symbol: class Entity
Read from stdout: Entity
Entity
Read from stdout: /Users/Rob/code/dojo/firstapp/app/models/Entry.java:26: cannot find symbol
Read from stdout: symbol:   class Finder
Read from stdout: location: class models.ZenUser
/Users/Rob/code/dojo/firstapp/app/models/Entry.java:26: cannot find symbol
  symbol:   class Finder
  location: class models.ZenUser
Read from stdout: Finder
Finder
Read from stdout: /Users/Rob/code/dojo/firstapp/app/models/Entry.java:11: cannot find symbol
Read from stdout: symbol:   class Id
Read from stdout: location: class models.ZenUser
/Users/Rob/code/dojo/firstapp/app/models/Entry.java:11: cannot find symbol
  symbol:   class Id
  location: class models.ZenUser
Read from stdout: Id
Id
Read from stdout: /Users/Rob/code/dojo/firstapp/app/models/Entry.java:26: cannot find symbol
Read from stdout: symbol:   class Finder
Read from stdout: location: class models.ZenUser
/Users/Rob/code/dojo/firstapp/app/models/Entry.java:26: cannot find symbol
  symbol:   class Finder
  location: class models.ZenUser
Read from stdout: Finder
Finder
Read from stdout: (compile:compileIncremental) javac returned nonzero exit code
(compile:compileIncremental) javac returned nonzero exit code
Total time: 0 s, completed Nov 11, 2015 8:15:10 PM
> server-post-command-error-handler
> server-post-command-cleanup
> server-handle-next-server-request
> compile
Evaluating tasks: compile:compile
Running task... Cancel: sbt.server.ServerTaskCancellation@4d332d1, check cycles: false

Initial source changes: 
	removed:Set()
	added: Set()
	modified: Set(/Users/Rob/code/dojo/firstapp/app/models/Entry.java)
Removed products: Set()
External API changes: API Changes: Set()
Modified binary dependencies: Set()
Initial directly invalidated sources: Set(/Users/Rob/code/dojo/firstapp/app/models/Entry.java)

Sources indirectly invalidated by:
	product: Set()
	binary dep: Set()
	external source: Set()
All initially invalidated sources: Set(/Users/Rob/code/dojo/firstapp/app/models/Entry.java)

Read from stdout: Compiling 1 Java source to /Users/Rob/code/dojo/firstapp/target/scala-2.11/classes...
Compiling 1 Java source to /Users/Rob/code/dojo/firstapp/target/scala-2.11/classes...
Attempting to call com.sun.tools.javac.api.JavacTool@5278f15c directly...
Read from stdout: /Users/Rob/code/dojo/firstapp/app/models/Entry.java:9: class ZenUser is public, should be declared in a file named ZenUser.java
/Users/Rob/code/dojo/firstapp/app/models/Entry.java:9: class ZenUser is public, should be declared in a file named ZenUser.java
Read from stdout: @Entity
Read from stdout: public class ZenUser extends Model {
Read from stdout: 
Read from stdout: @Id
Read from stdout: public String email;
Read from stdout: public String name;
Read from stdout: public String password;
Read from stdout: 
Read from stdout: public ZenUser(String email, String name, String password) {
Read from stdout: this.email = email;
Read from stdout: this.name = name;
Read from stdout: this.password = password;
Read from stdout: }
Read from stdout: 
Read from stdout: public static ZenUser authenticate(String email, String password) {
Read from stdout: return find.where().eq("email", email).eq("password", password).findUnique();
Read from stdout: }
Read from stdout: 
Read from stdout: public static Finder<String, ZenUser> find = new Finder<String, ZenUser>(String.class, ZenUser.class);
Read from stdout: }
@Entity
public class ZenUser extends Model {

    @Id
    public String email;
    public String name;
    public String password;

    public ZenUser(String email, String name, String password) {
        this.email = email;
        this.name = name;
        this.password = password;
    }

    public static ZenUser authenticate(String email, String password) {
        return find.where().eq("email", email).eq("password", password).findUnique();
    }

    public static Finder<String, ZenUser> find = new Finder<String, ZenUser>(String.class, ZenUser.class);
}
Read from stdout: /Users/Rob/code/dojo/firstapp/app/models/Entry.java:3: package javax.persistence does not exist
/Users/Rob/code/dojo/firstapp/app/models/Entry.java:3: package javax.persistence does not exist
Read from stdout: javax.persistence.Entity
javax.persistence.Entity
Read from stdout: /Users/Rob/code/dojo/firstapp/app/models/Entry.java:4: package javax.persistence does not exist
/Users/Rob/code/dojo/firstapp/app/models/Entry.java:4: package javax.persistence does not exist
Read from stdout: javax.persistence.Id
javax.persistence.Id
Read from stdout: /Users/Rob/code/dojo/firstapp/app/models/Entry.java:6: package play.db.ebean does not exist
/Users/Rob/code/dojo/firstapp/app/models/Entry.java:6: package play.db.ebean does not exist
Read from stdout: play.db.ebean.Model
play.db.ebean.Model
Read from stdout: /Users/Rob/code/dojo/firstapp/app/models/Entry.java:9: cannot find symbol
Read from stdout: symbol: class Model
/Users/Rob/code/dojo/firstapp/app/models/Entry.java:9: cannot find symbol
  symbol: class Model
Read from stdout: Model
Model
Read from stdout: /Users/Rob/code/dojo/firstapp/app/models/Entry.java:8: cannot find symbol
Read from stdout: symbol: class Entity
/Users/Rob/code/dojo/firstapp/app/models/Entry.java:8: cannot find symbol
  symbol: class Entity
Read from stdout: Entity
Entity
Read from stdout: /Users/Rob/code/dojo/firstapp/app/models/Entry.java:26: cannot find symbol
Read from stdout: symbol:   class Finder
Read from stdout: location: class models.ZenUser
/Users/Rob/code/dojo/firstapp/app/models/Entry.java:26: cannot find symbol
  symbol:   class Finder
  location: class models.ZenUser
Read from stdout: Finder
Finder
Read from stdout: /Users/Rob/code/dojo/firstapp/app/models/Entry.java:11: cannot find symbol
Read from stdout: symbol:   class Id
Read from stdout: location: class models.ZenUser
/Users/Rob/code/dojo/firstapp/app/models/Entry.java:11: cannot find symbol
  symbol:   class Id
  location: class models.ZenUser
Read from stdout: Id
Id
Read from stdout: /Users/Rob/code/dojo/firstapp/app/models/Entry.java:26: cannot find symbol
Read from stdout: symbol:   class Finder
Read from stdout: location: class models.ZenUser
/Users/Rob/code/dojo/firstapp/app/models/Entry.java:26: cannot find symbol
  symbol:   class Finder
  location: class models.ZenUser
Read from stdout: Finder
Finder
Read from stdout: (compile:compileIncremental) javac returned nonzero exit code
(compile:compileIncremental) javac returned nonzero exit code
Total time: 0 s, completed Nov 11, 2015 8:15:11 PM
> server-post-command-error-handler
> server-post-command-cleanup
> server-handle-next-server-request
> compile
Evaluating tasks: compile:compile
Running task... Cancel: sbt.server.ServerTaskCancellation@3c26373c, check cycles: false

Initial source changes: 
	removed:Set()
	added: Set()
	modified: Set(/Users/Rob/code/dojo/firstapp/app/models/Entry.java)
Removed products: Set()
External API changes: API Changes: Set()
Modified binary dependencies: Set()
Initial directly invalidated sources: Set(/Users/Rob/code/dojo/firstapp/app/models/Entry.java)

Sources indirectly invalidated by:
	product: Set()
	binary dep: Set()
	external source: Set()
All initially invalidated sources: Set(/Users/Rob/code/dojo/firstapp/app/models/Entry.java)

Read from stdout: Compiling 1 Java source to /Users/Rob/code/dojo/firstapp/target/scala-2.11/classes...
Compiling 1 Java source to /Users/Rob/code/dojo/firstapp/target/scala-2.11/classes...
Attempting to call com.sun.tools.javac.api.JavacTool@282ab6aa directly...
Read from stdout: /Users/Rob/code/dojo/firstapp/app/models/Entry.java:9: class ZenUser is public, should be declared in a file named ZenUser.java
/Users/Rob/code/dojo/firstapp/app/models/Entry.java:9: class ZenUser is public, should be declared in a file named ZenUser.java
Read from stdout: @Entity
Read from stdout: public class ZenUser extends Model {
Read from stdout: 
Read from stdout: @Id
Read from stdout: public String email;
Read from stdout: public String name;
Read from stdout: public String password;
Read from stdout: 
Read from stdout: public ZenUser(String email, String name, String password) {
Read from stdout: this.email = email;
Read from stdout: this.name = name;
Read from stdout: this.password = password;
Read from stdout: }
Read from stdout: 
Read from stdout: public static ZenUser authenticate(String email, String password) {
Read from stdout: return find.where().eq("email", email).eq("password", password).findUnique();
Read from stdout: }
Read from stdout: 
Read from stdout: public static Finder<String, ZenUser> find = new Finder<String, ZenUser>(String.class, ZenUser.class);
Read from stdout: }
@Entity
public class ZenUser extends Model {

    @Id
    public String email;
    public String name;
    public String password;

    public ZenUser(String email, String name, String password) {
        this.email = email;
        this.name = name;
        this.password = password;
    }

    public static ZenUser authenticate(String email, String password) {
        return find.where().eq("email", email).eq("password", password).findUnique();
    }

    public static Finder<String, ZenUser> find = new Finder<String, ZenUser>(String.class, ZenUser.class);
}
Read from stdout: /Users/Rob/code/dojo/firstapp/app/models/Entry.java:3: package javax.persistence does not exist
/Users/Rob/code/dojo/firstapp/app/models/Entry.java:3: package javax.persistence does not exist
Read from stdout: javax.persistence.Entity
javax.persistence.Entity
Read from stdout: /Users/Rob/code/dojo/firstapp/app/models/Entry.java:4: package javax.persistence does not exist
/Users/Rob/code/dojo/firstapp/app/models/Entry.java:4: package javax.persistence does not exist
Read from stdout: javax.persistence.Id
javax.persistence.Id
Read from stdout: /Users/Rob/code/dojo/firstapp/app/models/Entry.java:6: package play.db.ebean does not exist
/Users/Rob/code/dojo/firstapp/app/models/Entry.java:6: package play.db.ebean does not exist
Read from stdout: play.db.ebean.Model
play.db.ebean.Model
Read from stdout: /Users/Rob/code/dojo/firstapp/app/models/Entry.java:9: cannot find symbol
Read from stdout: symbol: class Model
/Users/Rob/code/dojo/firstapp/app/models/Entry.java:9: cannot find symbol
  symbol: class Model
Read from stdout: Model
Model
Read from stdout: /Users/Rob/code/dojo/firstapp/app/models/Entry.java:8: cannot find symbol
Read from stdout: symbol: class Entity
/Users/Rob/code/dojo/firstapp/app/models/Entry.java:8: cannot find symbol
  symbol: class Entity
Read from stdout: Entity
Entity
Read from stdout: /Users/Rob/code/dojo/firstapp/app/models/Entry.java:26: cannot find symbol
Read from stdout: symbol:   class Finder
Read from stdout: location: class models.ZenUser
/Users/Rob/code/dojo/firstapp/app/models/Entry.java:26: cannot find symbol
  symbol:   class Finder
  location: class models.ZenUser
Read from stdout: Finder
Finder
Read from stdout: /Users/Rob/code/dojo/firstapp/app/models/Entry.java:11: cannot find symbol
Read from stdout: symbol:   class Id
Read from stdout: location: class models.ZenUser
/Users/Rob/code/dojo/firstapp/app/models/Entry.java:11: cannot find symbol
  symbol:   class Id
  location: class models.ZenUser
Read from stdout: Id
Id
Read from stdout: /Users/Rob/code/dojo/firstapp/app/models/Entry.java:26: cannot find symbol
Read from stdout: symbol:   class Finder
Read from stdout: location: class models.ZenUser
/Users/Rob/code/dojo/firstapp/app/models/Entry.java:26: cannot find symbol
  symbol:   class Finder
  location: class models.ZenUser
Read from stdout: Finder
Finder
Read from stdout: (compile:compileIncremental) javac returned nonzero exit code
(compile:compileIncremental) javac returned nonzero exit code
Total time: 0 s, completed Nov 11, 2015 8:15:12 PM
> server-post-command-error-handler
> server-post-command-cleanup
> server-handle-next-server-request
> compile
Evaluating tasks: compile:compile
Running task... Cancel: sbt.server.ServerTaskCancellation@64c4ed43, check cycles: false

Initial source changes: 
	removed:Set()
	added: Set()
	modified: Set(/Users/Rob/code/dojo/firstapp/app/models/Entry.java)
Removed products: Set()
External API changes: API Changes: Set()
Modified binary dependencies: Set()
Initial directly invalidated sources: Set(/Users/Rob/code/dojo/firstapp/app/models/Entry.java)

Sources indirectly invalidated by:
	product: Set()
	binary dep: Set()
	external source: Set()
All initially invalidated sources: Set(/Users/Rob/code/dojo/firstapp/app/models/Entry.java)

Read from stdout: Compiling 1 Java source to /Users/Rob/code/dojo/firstapp/target/scala-2.11/classes...
Compiling 1 Java source to /Users/Rob/code/dojo/firstapp/target/scala-2.11/classes...
Attempting to call com.sun.tools.javac.api.JavacTool@2c961cf3 directly...
Read from stdout: /Users/Rob/code/dojo/firstapp/app/models/Entry.java:12: class ZenUser is public, should be declared in a file named ZenUser.java
/Users/Rob/code/dojo/firstapp/app/models/Entry.java:12: class ZenUser is public, should be declared in a file named ZenUser.java
Read from stdout: @Entity
Read from stdout: public class ZenUser extends Model {
Read from stdout: 
Read from stdout: @Id
Read from stdout: public String email;
Read from stdout: public String name;
Read from stdout: public String password;
Read from stdout: 
Read from stdout: public ZenUser(String email, String name, String password) {
Read from stdout: this.email = email;
Read from stdout: this.name = name;
Read from stdout: this.password = password;
Read from stdout: }
Read from stdout: 
Read from stdout: public static ZenUser authenticate(String email, String password) {
Read from stdout: return find.where().eq("email", email).eq("password", password).findUnique();
Read from stdout: }
Read from stdout: 
Read from stdout: public static Finder<String, ZenUser> find = new Finder<String, ZenUser>(String.class, ZenUser.class);
Read from stdout: }
@Entity
public class ZenUser extends Model {

    @Id
    public String email;
    public String name;
    public String password;

    public ZenUser(String email, String name, String password) {
        this.email = email;
        this.name = name;
        this.password = password;
    }

    public static ZenUser authenticate(String email, String password) {
        return find.where().eq("email", email).eq("password", password).findUnique();
    }

    public static Finder<String, ZenUser> find = new Finder<String, ZenUser>(String.class, ZenUser.class);
}
Read from stdout: /Users/Rob/code/dojo/firstapp/app/models/Entry.java:5: package javax.persistence does not exist
/Users/Rob/code/dojo/firstapp/app/models/Entry.java:5: package javax.persistence does not exist
Read from stdout: /Users/Rob/code/dojo/firstapp/app/models/Entry.java:7: package play.db.ebean does not exist
/Users/Rob/code/dojo/firstapp/app/models/Entry.java:7: package play.db.ebean does not exist
Read from stdout: /Users/Rob/code/dojo/firstapp/app/models/Entry.java:12: cannot find symbol
Read from stdout: symbol: class Model
/Users/Rob/code/dojo/firstapp/app/models/Entry.java:12: cannot find symbol
  symbol: class Model
Read from stdout: Model
Model
Read from stdout: /Users/Rob/code/dojo/firstapp/app/models/Entry.java:11: cannot find symbol
Read from stdout: symbol: class Entity
/Users/Rob/code/dojo/firstapp/app/models/Entry.java:11: cannot find symbol
  symbol: class Entity
Read from stdout: Entity
Entity
Read from stdout: /Users/Rob/code/dojo/firstapp/app/models/Entry.java:29: cannot find symbol
Read from stdout: symbol:   class Finder
Read from stdout: location: class models.ZenUser
/Users/Rob/code/dojo/firstapp/app/models/Entry.java:29: cannot find symbol
  symbol:   class Finder
  location: class models.ZenUser
Read from stdout: Finder
Finder
Read from stdout: /Users/Rob/code/dojo/firstapp/app/models/Entry.java:14: cannot find symbol
Read from stdout: symbol:   class Id
Read from stdout: location: class models.ZenUser
/Users/Rob/code/dojo/firstapp/app/models/Entry.java:14: cannot find symbol
  symbol:   class Id
  location: class models.ZenUser
Read from stdout: Id
Id
Read from stdout: /Users/Rob/code/dojo/firstapp/app/models/Entry.java:29: cannot find symbol
Read from stdout: symbol:   class Finder
Read from stdout: location: class models.ZenUser
/Users/Rob/code/dojo/firstapp/app/models/Entry.java:29: cannot find symbol
  symbol:   class Finder
  location: class models.ZenUser
Read from stdout: Finder
Finder
Read from stdout: (compile:compileIncremental) javac returned nonzero exit code
(compile:compileIncremental) javac returned nonzero exit code
Total time: 0 s, completed Nov 11, 2015 8:15:40 PM
> server-post-command-error-handler
> server-post-command-cleanup
> server-handle-next-server-request
> compile
Evaluating tasks: compile:compile
Running task... Cancel: sbt.server.ServerTaskCancellation@601529e3, check cycles: false

Initial source changes: 
	removed:Set()
	added: Set()
	modified: Set(/Users/Rob/code/dojo/firstapp/app/models/Entry.java)
Removed products: Set()
External API changes: API Changes: Set()
Modified binary dependencies: Set()
Initial directly invalidated sources: Set(/Users/Rob/code/dojo/firstapp/app/models/Entry.java)

Sources indirectly invalidated by:
	product: Set()
	binary dep: Set()
	external source: Set()
All initially invalidated sources: Set(/Users/Rob/code/dojo/firstapp/app/models/Entry.java)

Read from stdout: Compiling 1 Java source to /Users/Rob/code/dojo/firstapp/target/scala-2.11/classes...
Compiling 1 Java source to /Users/Rob/code/dojo/firstapp/target/scala-2.11/classes...
Attempting to call com.sun.tools.javac.api.JavacTool@74f34ac9 directly...
Read from stdout: /Users/Rob/code/dojo/firstapp/app/models/Entry.java:12: class ZenUser is public, should be declared in a file named ZenUser.java
/Users/Rob/code/dojo/firstapp/app/models/Entry.java:12: class ZenUser is public, should be declared in a file named ZenUser.java
Read from stdout: @Entity
Read from stdout: public class ZenUser extends Model {
Read from stdout: 
Read from stdout: @Id
Read from stdout: public String email;
Read from stdout: public String name;
Read from stdout: public String password;
Read from stdout: 
Read from stdout: public ZenUser(String email, String name, String password) {
Read from stdout: this.email = email;
Read from stdout: this.name = name;
Read from stdout: this.password = password;
Read from stdout: }
Read from stdout: 
Read from stdout: public static ZenUser authenticate(String email, String password) {
Read from stdout: return find.where().eq("email", email).eq("password", password).findUnique();
Read from stdout: }
Read from stdout: 
Read from stdout: public static Finder<String, ZenUser> find = new Finder<String, ZenUser>(String.class, ZenUser.class);
Read from stdout: }
@Entity
public class ZenUser extends Model {

    @Id
    public String email;
    public String name;
    public String password;

    public ZenUser(String email, String name, String password) {
        this.email = email;
        this.name = name;
        this.password = password;
    }

    public static ZenUser authenticate(String email, String password) {
        return find.where().eq("email", email).eq("password", password).findUnique();
    }

    public static Finder<String, ZenUser> find = new Finder<String, ZenUser>(String.class, ZenUser.class);
}
Read from stdout: /Users/Rob/code/dojo/firstapp/app/models/Entry.java:5: package javax.persistence does not exist
/Users/Rob/code/dojo/firstapp/app/models/Entry.java:5: package javax.persistence does not exist
Read from stdout: /Users/Rob/code/dojo/firstapp/app/models/Entry.java:7: package play.db.ebean does not exist
/Users/Rob/code/dojo/firstapp/app/models/Entry.java:7: package play.db.ebean does not exist
Read from stdout: /Users/Rob/code/dojo/firstapp/app/models/Entry.java:12: cannot find symbol
Read from stdout: symbol: class Model
/Users/Rob/code/dojo/firstapp/app/models/Entry.java:12: cannot find symbol
  symbol: class Model
Read from stdout: Model
Model
Read from stdout: /Users/Rob/code/dojo/firstapp/app/models/Entry.java:11: cannot find symbol
Read from stdout: symbol: class Entity
/Users/Rob/code/dojo/firstapp/app/models/Entry.java:11: cannot find symbol
  symbol: class Entity
Read from stdout: Entity
Entity
Read from stdout: /Users/Rob/code/dojo/firstapp/app/models/Entry.java:29: cannot find symbol
Read from stdout: symbol:   class Finder
Read from stdout: location: class models.ZenUser
/Users/Rob/code/dojo/firstapp/app/models/Entry.java:29: cannot find symbol
  symbol:   class Finder
  location: class models.ZenUser
Read from stdout: Finder
Finder
Read from stdout: /Users/Rob/code/dojo/firstapp/app/models/Entry.java:14: cannot find symbol
Read from stdout: symbol:   class Id
Read from stdout: location: class models.ZenUser
/Users/Rob/code/dojo/firstapp/app/models/Entry.java:14: cannot find symbol
  symbol:   class Id
  location: class models.ZenUser
Read from stdout: Id
Id
Read from stdout: /Users/Rob/code/dojo/firstapp/app/models/Entry.java:29: cannot find symbol
Read from stdout: symbol:   class Finder
Read from stdout: location: class models.ZenUser
/Users/Rob/code/dojo/firstapp/app/models/Entry.java:29: cannot find symbol
  symbol:   class Finder
  location: class models.ZenUser
Read from stdout: Finder
Finder
Read from stdout: (compile:compileIncremental) javac returned nonzero exit code
(compile:compileIncremental) javac returned nonzero exit code
Total time: 0 s, completed Nov 11, 2015 8:16:15 PM
> server-post-command-error-handler
> server-post-command-cleanup
> server-handle-next-server-request
> backgroundRun
Evaluating tasks: compile:backgroundRun
Running task... Cancel: sbt.server.ServerTaskCancellation@134b6d1e, check cycles: false
Total time: 0 s, completed Nov 11, 2015 8:16:28 PM
> server-post-command-cleanup
> server-handle-next-server-request
> {file:/Users/Rob/code/dojo/firstapp/}root/*:playForkConfig
Evaluating tasks: *:playForkConfig
Running task... Cancel: sbt.server.ServerTaskCancellation@50c15b61, check cycles: false
Total time: 0 s, completed Nov 11, 2015 8:16:30 PM
> server-post-command-cleanup
> server-handle-next-server-request
> root/playForkNotifyStart http://localhost:9000
Evaluating tasks: *:playForkNotifyStart
Running task... Cancel: sbt.server.ServerTaskCancellation@36789667, check cycles: false
Total time: 0 s, completed Nov 11, 2015 8:16:31 PM
> server-post-command-cleanup
> server-handle-next-server-request
> {file:/Users/Rob/code/dojo/firstapp/}root/*:playForkReload
Evaluating tasks: *:playForkReload
Running task... Cancel: sbt.server.ServerTaskCancellation@27548b25, check cycles: false

Initial source changes: 
	removed:Set()
	added: Set()
	modified: Set(/Users/Rob/code/dojo/firstapp/app/models/Entry.java)
Removed products: Set()
External API changes: API Changes: Set()
Modified binary dependencies: Set()
Initial directly invalidated sources: Set(/Users/Rob/code/dojo/firstapp/app/models/Entry.java)

Sources indirectly invalidated by:
	product: Set()
	binary dep: Set()
	external source: Set()
All initially invalidated sources: Set(/Users/Rob/code/dojo/firstapp/app/models/Entry.java)

Read from stdout: Compiling 1 Java source to /Users/Rob/code/dojo/firstapp/target/scala-2.11/classes...
Compiling 1 Java source to /Users/Rob/code/dojo/firstapp/target/scala-2.11/classes...
Attempting to call com.sun.tools.javac.api.JavacTool@3a8751e0 directly...
Read from stdout: /Users/Rob/code/dojo/firstapp/app/models/Entry.java:12: class ZenUser is public, should be declared in a file named ZenUser.java
/Users/Rob/code/dojo/firstapp/app/models/Entry.java:12: class ZenUser is public, should be declared in a file named ZenUser.java
Read from stdout: @Entity
Read from stdout: public class ZenUser extends Model {
Read from stdout: 
Read from stdout: @Id
Read from stdout: public String email;
Read from stdout: public String name;
Read from stdout: public String password;
Read from stdout: 
Read from stdout: public ZenUser(String email, String name, String password) {
Read from stdout: this.email = email;
Read from stdout: this.name = name;
Read from stdout: this.password = password;
Read from stdout: }
Read from stdout: 
Read from stdout: public static ZenUser authenticate(String email, String password) {
Read from stdout: return find.where().eq("email", email).eq("password", password).findUnique();
Read from stdout: }
Read from stdout: 
Read from stdout: public static Finder<String, ZenUser> find = new Finder<String, ZenUser>(String.class, ZenUser.class);
Read from stdout: }
@Entity
public class ZenUser extends Model {

    @Id
    public String email;
    public String name;
    public String password;

    public ZenUser(String email, String name, String password) {
        this.email = email;
        this.name = name;
        this.password = password;
    }

    public static ZenUser authenticate(String email, String password) {
        return find.where().eq("email", email).eq("password", password).findUnique();
    }

    public static Finder<String, ZenUser> find = new Finder<String, ZenUser>(String.class, ZenUser.class);
}
Read from stdout: /Users/Rob/code/dojo/firstapp/app/models/Entry.java:5: package javax.persistence does not exist
/Users/Rob/code/dojo/firstapp/app/models/Entry.java:5: package javax.persistence does not exist
Read from stdout: /Users/Rob/code/dojo/firstapp/app/models/Entry.java:7: package play.db.ebean does not exist
/Users/Rob/code/dojo/firstapp/app/models/Entry.java:7: package play.db.ebean does not exist
Read from stdout: /Users/Rob/code/dojo/firstapp/app/models/Entry.java:12: cannot find symbol
Read from stdout: symbol: class Model
/Users/Rob/code/dojo/firstapp/app/models/Entry.java:12: cannot find symbol
  symbol: class Model
Read from stdout: Model
Model
Read from stdout: /Users/Rob/code/dojo/firstapp/app/models/Entry.java:11: cannot find symbol
Read from stdout: symbol: class Entity
/Users/Rob/code/dojo/firstapp/app/models/Entry.java:11: cannot find symbol
  symbol: class Entity
Read from stdout: Entity
Entity
Read from stdout: /Users/Rob/code/dojo/firstapp/app/models/Entry.java:29: cannot find symbol
Read from stdout: symbol:   class Finder
Read from stdout: location: class models.ZenUser
/Users/Rob/code/dojo/firstapp/app/models/Entry.java:29: cannot find symbol
  symbol:   class Finder
  location: class models.ZenUser
Read from stdout: Finder
Finder
Read from stdout: /Users/Rob/code/dojo/firstapp/app/models/Entry.java:14: cannot find symbol
Read from stdout: symbol:   class Id
Read from stdout: location: class models.ZenUser
/Users/Rob/code/dojo/firstapp/app/models/Entry.java:14: cannot find symbol
  symbol:   class Id
  location: class models.ZenUser
Read from stdout: Id
Id
Read from stdout: /Users/Rob/code/dojo/firstapp/app/models/Entry.java:29: cannot find symbol
Read from stdout: symbol:   class Finder
Read from stdout: location: class models.ZenUser
/Users/Rob/code/dojo/firstapp/app/models/Entry.java:29: cannot find symbol
  symbol:   class Finder
  location: class models.ZenUser
Read from stdout: Finder
Finder
Total time: 1 s, completed Nov 11, 2015 8:16:45 PM
> server-post-command-cleanup
> server-handle-next-server-request
> compile
Evaluating tasks: compile:compile
Running task... Cancel: sbt.server.ServerTaskCancellation@166799a3, check cycles: false

Initial source changes: 
	removed:Set()
	added: Set()
	modified: Set(/Users/Rob/code/dojo/firstapp/app/models/Entry.java)
Removed products: Set()
External API changes: API Changes: Set()
Modified binary dependencies: Set()
Initial directly invalidated sources: Set(/Users/Rob/code/dojo/firstapp/app/models/Entry.java)

Sources indirectly invalidated by:
	product: Set()
	binary dep: Set()
	external source: Set()
All initially invalidated sources: Set(/Users/Rob/code/dojo/firstapp/app/models/Entry.java)

Read from stdout: Compiling 1 Java source to /Users/Rob/code/dojo/firstapp/target/scala-2.11/classes...
Compiling 1 Java source to /Users/Rob/code/dojo/firstapp/target/scala-2.11/classes...
Attempting to call com.sun.tools.javac.api.JavacTool@141f0173 directly...
Read from stdout: /Users/Rob/code/dojo/firstapp/app/models/Entry.java:19: invalid method declaration; return type required
/Users/Rob/code/dojo/firstapp/app/models/Entry.java:19: invalid method declaration; return type required
Read from stdout: (compile:compileIncremental) javac returned nonzero exit code
(compile:compileIncremental) javac returned nonzero exit code
Total time: 0 s, completed Nov 11, 2015 8:17:04 PM
> server-post-command-error-handler
> server-post-command-cleanup
> server-handle-next-server-request
> compile
Evaluating tasks: compile:compile
Running task... Cancel: sbt.server.ServerTaskCancellation@3f89ef64, check cycles: false

Initial source changes: 
	removed:Set()
	added: Set()
	modified: Set(/Users/Rob/code/dojo/firstapp/app/models/Entry.java)
Removed products: Set()
External API changes: API Changes: Set()
Modified binary dependencies: Set()
Initial directly invalidated sources: Set(/Users/Rob/code/dojo/firstapp/app/models/Entry.java)

Sources indirectly invalidated by:
	product: Set()
	binary dep: Set()
	external source: Set()
All initially invalidated sources: Set(/Users/Rob/code/dojo/firstapp/app/models/Entry.java)

Read from stdout: Compiling 1 Java source to /Users/Rob/code/dojo/firstapp/target/scala-2.11/classes...
Compiling 1 Java source to /Users/Rob/code/dojo/firstapp/target/scala-2.11/classes...
Attempting to call com.sun.tools.javac.api.JavacTool@6ebd97aa directly...
Read from stdout: /Users/Rob/code/dojo/firstapp/app/models/Entry.java:5: package javax.persistence does not exist
/Users/Rob/code/dojo/firstapp/app/models/Entry.java:5: package javax.persistence does not exist
Read from stdout: /Users/Rob/code/dojo/firstapp/app/models/Entry.java:7: package play.db.ebean does not exist
/Users/Rob/code/dojo/firstapp/app/models/Entry.java:7: package play.db.ebean does not exist
Read from stdout: /Users/Rob/code/dojo/firstapp/app/models/Entry.java:12: cannot find symbol
Read from stdout: symbol: class Model
/Users/Rob/code/dojo/firstapp/app/models/Entry.java:12: cannot find symbol
  symbol: class Model
Read from stdout: Model
Model
Read from stdout: /Users/Rob/code/dojo/firstapp/app/models/Entry.java:11: cannot find symbol
Read from stdout: symbol: class Entity
/Users/Rob/code/dojo/firstapp/app/models/Entry.java:11: cannot find symbol
  symbol: class Entity
Read from stdout: Entity
Entity
Read from stdout: /Users/Rob/code/dojo/firstapp/app/models/Entry.java:25: cannot find symbol
Read from stdout: symbol:   class ZenUser
Read from stdout: location: class models.Entry
/Users/Rob/code/dojo/firstapp/app/models/Entry.java:25: cannot find symbol
  symbol:   class ZenUser
  location: class models.Entry
Read from stdout: ZenUser
ZenUser
Read from stdout: /Users/Rob/code/dojo/firstapp/app/models/Entry.java:29: cannot find symbol
Read from stdout: symbol:   class Finder
Read from stdout: location: class models.Entry
/Users/Rob/code/dojo/firstapp/app/models/Entry.java:29: cannot find symbol
  symbol:   class Finder
  location: class models.Entry
Read from stdout: Finder
Finder
Read from stdout: /Users/Rob/code/dojo/firstapp/app/models/Entry.java:29: cannot find symbol
Read from stdout: symbol:   class ZenUser
Read from stdout: location: class models.Entry
/Users/Rob/code/dojo/firstapp/app/models/Entry.java:29: cannot find symbol
  symbol:   class ZenUser
  location: class models.Entry
Read from stdout: ZenUser
ZenUser
Read from stdout: /Users/Rob/code/dojo/firstapp/app/models/Entry.java:14: cannot find symbol
Read from stdout: symbol:   class Id
Read from stdout: location: class models.Entry
/Users/Rob/code/dojo/firstapp/app/models/Entry.java:14: cannot find symbol
  symbol:   class Id
  location: class models.Entry
Read from stdout: Id
Id
Read from stdout: /Users/Rob/code/dojo/firstapp/app/models/Entry.java:29: cannot find symbol
Read from stdout: symbol:   class Finder
Read from stdout: location: class models.Entry
/Users/Rob/code/dojo/firstapp/app/models/Entry.java:29: cannot find symbol
  symbol:   class Finder
  location: class models.Entry
Read from stdout: Finder
Finder
Read from stdout: /Users/Rob/code/dojo/firstapp/app/models/Entry.java:29: cannot find symbol
Read from stdout: symbol:   class ZenUser
Read from stdout: location: class models.Entry
/Users/Rob/code/dojo/firstapp/app/models/Entry.java:29: cannot find symbol
  symbol:   class ZenUser
  location: class models.Entry
Read from stdout: ZenUser
ZenUser
Read from stdout: /Users/Rob/code/dojo/firstapp/app/models/Entry.java:29: cannot find symbol
Read from stdout: symbol:   class ZenUser
Read from stdout: location: class models.Entry
/Users/Rob/code/dojo/firstapp/app/models/Entry.java:29: cannot find symbol
  symbol:   class ZenUser
  location: class models.Entry
Read from stdout: ZenUser
ZenUser
Read from stdout: (compile:compileIncremental) javac returned nonzero exit code
(compile:compileIncremental) javac returned nonzero exit code
Total time: 0 s, completed Nov 11, 2015 8:17:08 PM
> server-post-command-error-handler
> server-post-command-cleanup
> server-handle-next-server-request
> compile
Evaluating tasks: compile:compile
Running task... Cancel: sbt.server.ServerTaskCancellation@1ac9f2c7, check cycles: false

Initial source changes: 
	removed:Set()
	added: Set()
	modified: Set(/Users/Rob/code/dojo/firstapp/app/models/Entry.java)
Removed products: Set()
External API changes: API Changes: Set()
Modified binary dependencies: Set()
Initial directly invalidated sources: Set(/Users/Rob/code/dojo/firstapp/app/models/Entry.java)

Sources indirectly invalidated by:
	product: Set()
	binary dep: Set()
	external source: Set()
All initially invalidated sources: Set(/Users/Rob/code/dojo/firstapp/app/models/Entry.java)

Read from stdout: Compiling 1 Java source to /Users/Rob/code/dojo/firstapp/target/scala-2.11/classes...
Compiling 1 Java source to /Users/Rob/code/dojo/firstapp/target/scala-2.11/classes...
Attempting to call com.sun.tools.javac.api.JavacTool@30471fa9 directly...
Read from stdout: /Users/Rob/code/dojo/firstapp/app/models/Entry.java:19: invalid method declaration; return type required
/Users/Rob/code/dojo/firstapp/app/models/Entry.java:19: invalid method declaration; return type required
Read from stdout: (compile:compileIncremental) javac returned nonzero exit code
(compile:compileIncremental) javac returned nonzero exit code
Total time: 0 s, completed Nov 11, 2015 8:17:14 PM
> server-post-command-error-handler
> server-post-command-cleanup
> server-handle-next-server-request
> compile
Evaluating tasks: compile:compile
Running task... Cancel: sbt.server.ServerTaskCancellation@4f42158b, check cycles: false

Initial source changes: 
	removed:Set()
	added: Set()
	modified: Set(/Users/Rob/code/dojo/firstapp/app/models/Entry.java)
Removed products: Set()
External API changes: API Changes: Set()
Modified binary dependencies: Set()
Initial directly invalidated sources: Set(/Users/Rob/code/dojo/firstapp/app/models/Entry.java)

Sources indirectly invalidated by:
	product: Set()
	binary dep: Set()
	external source: Set()
All initially invalidated sources: Set(/Users/Rob/code/dojo/firstapp/app/models/Entry.java)

Read from stdout: Compiling 1 Java source to /Users/Rob/code/dojo/firstapp/target/scala-2.11/classes...
Compiling 1 Java source to /Users/Rob/code/dojo/firstapp/target/scala-2.11/classes...
Attempting to call com.sun.tools.javac.api.JavacTool@7b59a53a directly...
Read from stdout: /Users/Rob/code/dojo/firstapp/app/models/Entry.java:5: package javax.persistence does not exist
/Users/Rob/code/dojo/firstapp/app/models/Entry.java:5: package javax.persistence does not exist
Read from stdout: /Users/Rob/code/dojo/firstapp/app/models/Entry.java:7: package play.db.ebean does not exist
/Users/Rob/code/dojo/firstapp/app/models/Entry.java:7: package play.db.ebean does not exist
Read from stdout: /Users/Rob/code/dojo/firstapp/app/models/Entry.java:12: cannot find symbol
Read from stdout: symbol: class Model
/Users/Rob/code/dojo/firstapp/app/models/Entry.java:12: cannot find symbol
  symbol: class Model
Read from stdout: Model
Model
Read from stdout: /Users/Rob/code/dojo/firstapp/app/models/Entry.java:11: cannot find symbol
Read from stdout: symbol: class Entity
/Users/Rob/code/dojo/firstapp/app/models/Entry.java:11: cannot find symbol
  symbol: class Entity
Read from stdout: Entity
Entity
Read from stdout: /Users/Rob/code/dojo/firstapp/app/models/Entry.java:25: cannot find symbol
Read from stdout: symbol:   class ZenUser
Read from stdout: location: class models.Entry
/Users/Rob/code/dojo/firstapp/app/models/Entry.java:25: cannot find symbol
  symbol:   class ZenUser
  location: class models.Entry
Read from stdout: ZenUser
ZenUser
Read from stdout: /Users/Rob/code/dojo/firstapp/app/models/Entry.java:29: cannot find symbol
Read from stdout: symbol:   class Finder
Read from stdout: location: class models.Entry
/Users/Rob/code/dojo/firstapp/app/models/Entry.java:29: cannot find symbol
  symbol:   class Finder
  location: class models.Entry
Read from stdout: Finder
Finder
Read from stdout: /Users/Rob/code/dojo/firstapp/app/models/Entry.java:29: cannot find symbol
Read from stdout: symbol:   class ZenUser
Read from stdout: location: class models.Entry
/Users/Rob/code/dojo/firstapp/app/models/Entry.java:29: cannot find symbol
  symbol:   class ZenUser
  location: class models.Entry
Read from stdout: ZenUser
ZenUser
Read from stdout: /Users/Rob/code/dojo/firstapp/app/models/Entry.java:14: cannot find symbol
Read from stdout: symbol:   class Id
Read from stdout: location: class models.Entry
/Users/Rob/code/dojo/firstapp/app/models/Entry.java:14: cannot find symbol
  symbol:   class Id
  location: class models.Entry
Read from stdout: Id
Id
Read from stdout: /Users/Rob/code/dojo/firstapp/app/models/Entry.java:29: cannot find symbol
Read from stdout: symbol:   class Finder
Read from stdout: location: class models.Entry
/Users/Rob/code/dojo/firstapp/app/models/Entry.java:29: cannot find symbol
  symbol:   class Finder
  location: class models.Entry
Read from stdout: Finder
Finder
Read from stdout: /Users/Rob/code/dojo/firstapp/app/models/Entry.java:29: cannot find symbol
Read from stdout: symbol:   class ZenUser
Read from stdout: location: class models.Entry
/Users/Rob/code/dojo/firstapp/app/models/Entry.java:29: cannot find symbol
  symbol:   class ZenUser
  location: class models.Entry
Read from stdout: ZenUser
ZenUser
Read from stdout: /Users/Rob/code/dojo/firstapp/app/models/Entry.java:29: cannot find symbol
Read from stdout: symbol:   class ZenUser
Read from stdout: location: class models.Entry
/Users/Rob/code/dojo/firstapp/app/models/Entry.java:29: cannot find symbol
  symbol:   class ZenUser
  location: class models.Entry
Read from stdout: ZenUser
ZenUser
Read from stdout: (compile:compileIncremental) javac returned nonzero exit code
(compile:compileIncremental) javac returned nonzero exit code
Total time: 0 s, completed Nov 11, 2015 8:17:43 PM
> server-post-command-error-handler
> server-post-command-cleanup
> server-handle-next-server-request
> compile
Evaluating tasks: compile:compile
Running task... Cancel: sbt.server.ServerTaskCancellation@42995226, check cycles: false

Initial source changes: 
	removed:Set()
	added: Set()
	modified: Set(/Users/Rob/code/dojo/firstapp/app/models/Entry.java)
Removed products: Set()
External API changes: API Changes: Set()
Modified binary dependencies: Set()
Initial directly invalidated sources: Set(/Users/Rob/code/dojo/firstapp/app/models/Entry.java)

Sources indirectly invalidated by:
	product: Set()
	binary dep: Set()
	external source: Set()
All initially invalidated sources: Set(/Users/Rob/code/dojo/firstapp/app/models/Entry.java)

Read from stdout: Compiling 1 Java source to /Users/Rob/code/dojo/firstapp/target/scala-2.11/classes...
Compiling 1 Java source to /Users/Rob/code/dojo/firstapp/target/scala-2.11/classes...
Attempting to call com.sun.tools.javac.api.JavacTool@23990297 directly...
Read from stdout: /Users/Rob/code/dojo/firstapp/app/models/Entry.java:19: invalid method declaration; return type required
/Users/Rob/code/dojo/firstapp/app/models/Entry.java:19: invalid method declaration; return type required
Read from stdout: (compile:compileIncremental) javac returned nonzero exit code
(compile:compileIncremental) javac returned nonzero exit code
Total time: 0 s, completed Nov 11, 2015 8:17:46 PM
> server-post-command-error-handler
> server-post-command-cleanup
> server-handle-next-server-request
> compile
Evaluating tasks: compile:compile
Running task... Cancel: sbt.server.ServerTaskCancellation@2057a4be, check cycles: false

Initial source changes: 
	removed:Set()
	added: Set()
	modified: Set(/Users/Rob/code/dojo/firstapp/app/models/Entry.java)
Removed products: Set()
External API changes: API Changes: Set()
Modified binary dependencies: Set()
Initial directly invalidated sources: Set(/Users/Rob/code/dojo/firstapp/app/models/Entry.java)

Sources indirectly invalidated by:
	product: Set()
	binary dep: Set()
	external source: Set()
All initially invalidated sources: Set(/Users/Rob/code/dojo/firstapp/app/models/Entry.java)

Read from stdout: Compiling 1 Java source to /Users/Rob/code/dojo/firstapp/target/scala-2.11/classes...
Compiling 1 Java source to /Users/Rob/code/dojo/firstapp/target/scala-2.11/classes...
Attempting to call com.sun.tools.javac.api.JavacTool@5de2a614 directly...
Read from stdout: /Users/Rob/code/dojo/firstapp/app/models/Entry.java:5: package javax.persistence does not exist
/Users/Rob/code/dojo/firstapp/app/models/Entry.java:5: package javax.persistence does not exist
Read from stdout: /Users/Rob/code/dojo/firstapp/app/models/Entry.java:7: package play.db.ebean does not exist
/Users/Rob/code/dojo/firstapp/app/models/Entry.java:7: package play.db.ebean does not exist
Read from stdout: /Users/Rob/code/dojo/firstapp/app/models/Entry.java:12: cannot find symbol
Read from stdout: symbol: class Model
/Users/Rob/code/dojo/firstapp/app/models/Entry.java:12: cannot find symbol
  symbol: class Model
Read from stdout: Model
Model
Read from stdout: /Users/Rob/code/dojo/firstapp/app/models/Entry.java:11: cannot find symbol
Read from stdout: symbol: class Entity
/Users/Rob/code/dojo/firstapp/app/models/Entry.java:11: cannot find symbol
  symbol: class Entity
Read from stdout: Entity
Entity
Read from stdout: /Users/Rob/code/dojo/firstapp/app/models/Entry.java:25: cannot find symbol
Read from stdout: symbol:   class ZenUser
Read from stdout: location: class models.Entry
/Users/Rob/code/dojo/firstapp/app/models/Entry.java:25: cannot find symbol
  symbol:   class ZenUser
  location: class models.Entry
Read from stdout: ZenUser
ZenUser
Read from stdout: /Users/Rob/code/dojo/firstapp/app/models/Entry.java:29: cannot find symbol
Read from stdout: symbol:   class Finder
Read from stdout: location: class models.Entry
/Users/Rob/code/dojo/firstapp/app/models/Entry.java:29: cannot find symbol
  symbol:   class Finder
  location: class models.Entry
Read from stdout: Finder
Finder
Read from stdout: /Users/Rob/code/dojo/firstapp/app/models/Entry.java:29: cannot find symbol
Read from stdout: symbol:   class ZenUser
Read from stdout: location: class models.Entry
/Users/Rob/code/dojo/firstapp/app/models/Entry.java:29: cannot find symbol
  symbol:   class ZenUser
  location: class models.Entry
Read from stdout: ZenUser
ZenUser
Read from stdout: /Users/Rob/code/dojo/firstapp/app/models/Entry.java:14: cannot find symbol
Read from stdout: symbol:   class Id
Read from stdout: location: class models.Entry
/Users/Rob/code/dojo/firstapp/app/models/Entry.java:14: cannot find symbol
  symbol:   class Id
  location: class models.Entry
Read from stdout: Id
Id
Read from stdout: /Users/Rob/code/dojo/firstapp/app/models/Entry.java:29: cannot find symbol
Read from stdout: symbol:   class Finder
Read from stdout: location: class models.Entry
/Users/Rob/code/dojo/firstapp/app/models/Entry.java:29: cannot find symbol
  symbol:   class Finder
  location: class models.Entry
Read from stdout: Finder
Finder
Read from stdout: /Users/Rob/code/dojo/firstapp/app/models/Entry.java:29: cannot find symbol
Read from stdout: symbol:   class ZenUser
Read from stdout: location: class models.Entry
/Users/Rob/code/dojo/firstapp/app/models/Entry.java:29: cannot find symbol
  symbol:   class ZenUser
  location: class models.Entry
Read from stdout: ZenUser
ZenUser
Read from stdout: /Users/Rob/code/dojo/firstapp/app/models/Entry.java:29: cannot find symbol
Read from stdout: symbol:   class ZenUser
Read from stdout: location: class models.Entry
/Users/Rob/code/dojo/firstapp/app/models/Entry.java:29: cannot find symbol
  symbol:   class ZenUser
  location: class models.Entry
Read from stdout: ZenUser
ZenUser
Read from stdout: (compile:compileIncremental) javac returned nonzero exit code
(compile:compileIncremental) javac returned nonzero exit code
Total time: 0 s, completed Nov 11, 2015 8:17:59 PM
> server-post-command-error-handler
> server-post-command-cleanup
> server-handle-next-server-request
